<?xml version="1.0" ?>
<coverage version="7.8.0" timestamp="1751438261345" lines-valid="14214" lines-covered="361" line-rate="0.0254" branches-valid="3030" branches-covered="0" branch-rate="0" complexity="0">
	<!-- Generated by coverage.py: https://coverage.readthedocs.io/en/7.8.0 -->
	<!-- Based on https://raw.githubusercontent.com/cobertura/web/master/htdocs/xml/coverage-04.dtd -->
	<sources>
		<source>/Users/maxime/BTC_BOT/BTC_BOT</source>
	</sources>
	<packages>
		<package name="." line-rate="0" branch-rate="0" complexity="0">
			<classes>
				<class name="analyze_trades_for_training.py" filename="analyze_trades_for_training.py" complexity="0" line-rate="0" branch-rate="0">
					<methods/>
					<lines>
						<line number="6" hits="0"/>
						<line number="7" hits="0"/>
						<line number="9" hits="0"/>
						<line number="10" hits="0"/>
						<line number="11" hits="0"/>
						<line number="13" hits="0"/>
						<line number="15" hits="0"/>
						<line number="16" hits="0"/>
						<line number="19" hits="0"/>
						<line number="20" hits="0"/>
						<line number="23" hits="0"/>
						<line number="24" hits="0"/>
						<line number="25" hits="0"/>
						<line number="27" hits="0" branch="true" condition-coverage="0% (0/2)" missing-branches="28,36"/>
						<line number="28" hits="0" branch="true" condition-coverage="0% (0/2)" missing-branches="27,29"/>
						<line number="29" hits="0" branch="true" condition-coverage="0% (0/2)" missing-branches="30,31"/>
						<line number="30" hits="0"/>
						<line number="31" hits="0" branch="true" condition-coverage="0% (0/2)" missing-branches="32,33"/>
						<line number="32" hits="0"/>
						<line number="33" hits="0" branch="true" condition-coverage="0% (0/2)" missing-branches="27,34"/>
						<line number="34" hits="0"/>
						<line number="36" hits="0"/>
						<line number="37" hits="0"/>
						<line number="38" hits="0"/>
						<line number="41" hits="0"/>
						<line number="42" hits="0" branch="true" condition-coverage="0% (0/2)" missing-branches="43,52"/>
						<line number="43" hits="0"/>
						<line number="44" hits="0"/>
						<line number="45" hits="0"/>
						<line number="46" hits="0"/>
						<line number="48" hits="0"/>
						<line number="49" hits="0"/>
						<line number="52" hits="0"/>
						<line number="54" hits="0"/>
						<line number="55" hits="0"/>
						<line number="56" hits="0"/>
						<line number="58" hits="0" branch="true" condition-coverage="0% (0/2)" missing-branches="59,86"/>
						<line number="59" hits="0"/>
						<line number="60" hits="0"/>
						<line number="61" hits="0"/>
						<line number="63" hits="0" branch="true" condition-coverage="0% (0/2)" missing-branches="64,73"/>
						<line number="64" hits="0"/>
						<line number="73" hits="0" branch="true" condition-coverage="0% (0/2)" missing-branches="74,84"/>
						<line number="74" hits="0"/>
						<line number="84" hits="0"/>
						<line number="86" hits="0"/>
						<line number="87" hits="0"/>
						<line number="88" hits="0"/>
						<line number="90" hits="0" branch="true" condition-coverage="0% (0/2)" missing-branches="91,97"/>
						<line number="91" hits="0"/>
						<line number="92" hits="0"/>
						<line number="93" hits="0"/>
						<line number="94" hits="0"/>
						<line number="95" hits="0"/>
						<line number="97" hits="0" branch="true" condition-coverage="0% (0/2)" missing-branches="98,105"/>
						<line number="98" hits="0"/>
						<line number="99" hits="0"/>
						<line number="100" hits="0"/>
						<line number="101" hits="0"/>
						<line number="102" hits="0"/>
						<line number="105" hits="0"/>
						<line number="108" hits="0"/>
						<line number="111" hits="0"/>
						<line number="112" hits="0"/>
						<line number="114" hits="0"/>
						<line number="117" hits="0" branch="true" condition-coverage="0% (0/2)" missing-branches="118,145"/>
						<line number="118" hits="0"/>
						<line number="119" hits="0"/>
						<line number="120" hits="0"/>
						<line number="123" hits="0" branch="true" condition-coverage="0% (0/2)" missing-branches="117,124"/>
						<line number="124" hits="0"/>
						<line number="125" hits="0" branch="true" condition-coverage="0% (0/2)" missing-branches="123,126"/>
						<line number="126" hits="0"/>
						<line number="127" hits="0"/>
						<line number="128" hits="0"/>
						<line number="131" hits="0" branch="true" condition-coverage="0% (0/2)" missing-branches="123,132"/>
						<line number="132" hits="0"/>
						<line number="143" hits="0"/>
						<line number="145" hits="0"/>
						<line number="147" hits="0" branch="true" condition-coverage="0% (0/2)" missing-branches="149,167"/>
						<line number="149" hits="0"/>
						<line number="150" hits="0"/>
						<line number="152" hits="0"/>
						<line number="153" hits="0"/>
						<line number="155" hits="0" branch="true" condition-coverage="0% (0/2)" missing-branches="156,161"/>
						<line number="156" hits="0"/>
						<line number="157" hits="0"/>
						<line number="158" hits="0"/>
						<line number="159" hits="0"/>
						<line number="161" hits="0" branch="true" condition-coverage="0% (0/2)" missing-branches="162,167"/>
						<line number="162" hits="0"/>
						<line number="163" hits="0"/>
						<line number="164" hits="0"/>
						<line number="165" hits="0"/>
						<line number="167" hits="0"/>
					</lines>
				</class>
				<class name="debug_live_dashboard.py" filename="debug_live_dashboard.py" complexity="0" line-rate="0" branch-rate="0">
					<methods/>
					<lines>
						<line number="5" hits="0"/>
						<line number="6" hits="0"/>
						<line number="7" hits="0"/>
						<line number="9" hits="0"/>
						<line number="10" hits="0"/>
						<line number="11" hits="0"/>
						<line number="12" hits="0"/>
						<line number="14" hits="0"/>
						<line number="17" hits="0"/>
						<line number="20" hits="0"/>
						<line number="21" hits="0"/>
						<line number="22" hits="0"/>
						<line number="25" hits="0"/>
						<line number="26" hits="0"/>
						<line number="27" hits="0"/>
						<line number="29" hits="0"/>
						<line number="32" hits="0"/>
						<line number="33" hits="0"/>
						<line number="34" hits="0"/>
						<line number="41" hits="0"/>
						<line number="44" hits="0"/>
						<line number="45" hits="0"/>
						<line number="47" hits="0"/>
						<line number="48" hits="0"/>
						<line number="51" hits="0"/>
						<line number="54" hits="0" branch="true" condition-coverage="0% (0/2)" missing-branches="55,57"/>
						<line number="55" hits="0"/>
						<line number="57" hits="0"/>
						<line number="58" hits="0"/>
						<line number="60" hits="0"/>
						<line number="61" hits="0"/>
						<line number="62" hits="0"/>
						<line number="63" hits="0"/>
						<line number="64" hits="0"/>
						<line number="66" hits="0"/>
						<line number="69" hits="0"/>
						<line number="71" hits="0"/>
						<line number="72" hits="0"/>
						<line number="76" hits="0"/>
						<line number="79" hits="0"/>
						<line number="81" hits="0"/>
						<line number="83" hits="0"/>
						<line number="84" hits="0"/>
						<line number="86" hits="0"/>
						<line number="88" hits="0"/>
						<line number="89" hits="0"/>
						<line number="91" hits="0" branch="true" condition-coverage="0% (0/2)" missing-branches="92,96"/>
						<line number="92" hits="0"/>
						<line number="93" hits="0" branch="true" condition-coverage="0% (0/2)" missing-branches="94,104"/>
						<line number="94" hits="0"/>
						<line number="96" hits="0"/>
						<line number="98" hits="0"/>
						<line number="99" hits="0"/>
						<line number="100" hits="0"/>
						<line number="101" hits="0"/>
						<line number="104" hits="0"/>
						<line number="106" hits="0"/>
						<line number="108" hits="0"/>
						<line number="109" hits="0"/>
						<line number="110" hits="0"/>
						<line number="112" hits="0"/>
						<line number="113" hits="0"/>
						<line number="114" hits="0"/>
						<line number="116" hits="0" branch="true" condition-coverage="0% (0/2)" missing-branches="117,121"/>
						<line number="117" hits="0"/>
						<line number="118" hits="0" branch="true" condition-coverage="0% (0/2)" missing-branches="119,121"/>
						<line number="119" hits="0"/>
						<line number="121" hits="0" branch="true" condition-coverage="0% (0/2)" missing-branches="122,126"/>
						<line number="122" hits="0"/>
						<line number="123" hits="0" branch="true" condition-coverage="0% (0/2)" missing-branches="124,126"/>
						<line number="124" hits="0"/>
						<line number="126" hits="0" branch="true" condition-coverage="0% (0/2)" missing-branches="127,131"/>
						<line number="127" hits="0"/>
						<line number="128" hits="0" branch="true" condition-coverage="0% (0/2)" missing-branches="129,131"/>
						<line number="129" hits="0"/>
						<line number="131" hits="0"/>
						<line number="134" hits="0"/>
						<line number="135" hits="0"/>
						<line number="136" hits="0"/>
						<line number="139" hits="0"/>
						<line number="140" hits="0"/>
						<line number="142" hits="0" branch="true" condition-coverage="0% (0/2)" missing-branches="143,145"/>
						<line number="143" hits="0"/>
						<line number="145" hits="0"/>
						<line number="147" hits="0"/>
						<line number="148" hits="0"/>
						<line number="150" hits="0"/>
						<line number="152" hits="0" branch="true" condition-coverage="0% (0/2)" missing-branches="153,172"/>
						<line number="153" hits="0"/>
						<line number="154" hits="0"/>
						<line number="155" hits="0"/>
						<line number="156" hits="0"/>
						<line number="157" hits="0"/>
						<line number="158" hits="0"/>
						<line number="159" hits="0"/>
						<line number="160" hits="0"/>
						<line number="161" hits="0"/>
						<line number="162" hits="0"/>
						<line number="165" hits="0"/>
						<line number="166" hits="0"/>
						<line number="167" hits="0"/>
						<line number="168" hits="0"/>
						<line number="169" hits="0"/>
						<line number="172" hits="0"/>
						<line number="173" hits="0"/>
						<line number="174" hits="0"/>
						<line number="176" hits="0"/>
					</lines>
				</class>
				<class name="debug_main_bot.py" filename="debug_main_bot.py" complexity="0" line-rate="0" branch-rate="0">
					<methods/>
					<lines>
						<line number="6" hits="0"/>
						<line number="7" hits="0"/>
						<line number="8" hits="0"/>
						<line number="9" hits="0"/>
						<line number="10" hits="0"/>
						<line number="11" hits="0"/>
						<line number="13" hits="0"/>
						<line number="17" hits="0"/>
						<line number="18" hits="0"/>
						<line number="20" hits="0"/>
						<line number="23" hits="0"/>
						<line number="24" hits="0"/>
						<line number="25" hits="0"/>
						<line number="28" hits="0"/>
						<line number="29" hits="0"/>
						<line number="32" hits="0"/>
						<line number="33" hits="0"/>
						<line number="34" hits="0"/>
						<line number="41" hits="0"/>
						<line number="44" hits="0"/>
						<line number="45" hits="0"/>
						<line number="46" hits="0"/>
						<line number="47" hits="0"/>
						<line number="48" hits="0"/>
						<line number="49" hits="0"/>
						<line number="51" hits="0"/>
						<line number="54" hits="0"/>
						<line number="55" hits="0"/>
						<line number="56" hits="0"/>
						<line number="59" hits="0"/>
						<line number="60" hits="0" branch="true" condition-coverage="0% (0/2)" missing-branches="61,95"/>
						<line number="61" hits="0"/>
						<line number="62" hits="0"/>
						<line number="64" hits="0"/>
						<line number="66" hits="0" branch="true" condition-coverage="0% (0/2)" missing-branches="67,93"/>
						<line number="67" hits="0"/>
						<line number="68" hits="0"/>
						<line number="71" hits="0"/>
						<line number="73" hits="0"/>
						<line number="76" hits="0" branch="true" condition-coverage="0% (0/2)" missing-branches="77,84"/>
						<line number="77" hits="0"/>
						<line number="78" hits="0"/>
						<line number="79" hits="0"/>
						<line number="80" hits="0" branch="true" condition-coverage="0% (0/2)" missing-branches="81,83"/>
						<line number="81" hits="0"/>
						<line number="83" hits="0"/>
						<line number="84" hits="0" branch="true" condition-coverage="0% (0/2)" missing-branches="60,85"/>
						<line number="85" hits="0"/>
						<line number="86" hits="0"/>
						<line number="87" hits="0"/>
						<line number="88" hits="0" branch="true" condition-coverage="0% (0/2)" missing-branches="89,91"/>
						<line number="89" hits="0"/>
						<line number="91" hits="0"/>
						<line number="93" hits="0"/>
						<line number="95" hits="0"/>
						<line number="96" hits="0"/>
					</lines>
				</class>
				<class name="debug_main_dashboard.py" filename="debug_main_dashboard.py" complexity="0" line-rate="0" branch-rate="0">
					<methods/>
					<lines>
						<line number="5" hits="0"/>
						<line number="6" hits="0"/>
						<line number="7" hits="0"/>
						<line number="9" hits="0"/>
						<line number="12" hits="0"/>
						<line number="15" hits="0"/>
						<line number="17" hits="0"/>
						<line number="18" hits="0"/>
						<line number="20" hits="0"/>
						<line number="21" hits="0"/>
						<line number="22" hits="0"/>
						<line number="25" hits="0"/>
						<line number="27" hits="0"/>
						<line number="29" hits="0" branch="true" condition-coverage="0% (0/2)" missing-branches="30,45"/>
						<line number="30" hits="0"/>
						<line number="31" hits="0"/>
						<line number="32" hits="0" branch="true" condition-coverage="0% (0/2)" missing-branches="33,34"/>
						<line number="33" hits="0"/>
						<line number="34" hits="0" branch="true" condition-coverage="0% (0/2)" missing-branches="35,37"/>
						<line number="35" hits="0"/>
						<line number="37" hits="0"/>
						<line number="38" hits="0" branch="true" condition-coverage="0% (0/2)" missing-branches="39,41"/>
						<line number="39" hits="0"/>
						<line number="40" hits="0"/>
						<line number="41" hits="0" branch="true" condition-coverage="0% (0/2)" missing-branches="42,47"/>
						<line number="42" hits="0"/>
						<line number="43" hits="0"/>
						<line number="45" hits="0"/>
						<line number="47" hits="0"/>
						<line number="49" hits="0"/>
						<line number="51" hits="0"/>
						<line number="52" hits="0"/>
						<line number="54" hits="0"/>
						<line number="55" hits="0"/>
						<line number="58" hits="0"/>
						<line number="59" hits="0"/>
						<line number="60" hits="0"/>
						<line number="62" hits="0"/>
						<line number="63" hits="0"/>
						<line number="64" hits="0"/>
						<line number="67" hits="0"/>
						<line number="69" hits="0"/>
						<line number="85" hits="0"/>
						<line number="86" hits="0"/>
						<line number="89" hits="0"/>
						<line number="90" hits="0"/>
						<line number="91" hits="0"/>
						<line number="93" hits="0"/>
						<line number="96" hits="0"/>
						<line number="98" hits="0"/>
						<line number="99" hits="0" branch="true" condition-coverage="0% (0/2)" missing-branches="100,104"/>
						<line number="100" hits="0"/>
						<line number="101" hits="0" branch="true" condition-coverage="0% (0/2)" missing-branches="102,104"/>
						<line number="102" hits="0"/>
						<line number="104" hits="0"/>
						<line number="106" hits="0"/>
						<line number="107" hits="0"/>
						<line number="108" hits="0"/>
						<line number="109" hits="0"/>
						<line number="111" hits="0"/>
						<line number="113" hits="0" branch="true" condition-coverage="0% (0/2)" missing-branches="114,121"/>
						<line number="114" hits="0"/>
						<line number="115" hits="0"/>
						<line number="116" hits="0"/>
						<line number="117" hits="0"/>
						<line number="118" hits="0"/>
						<line number="119" hits="0"/>
						<line number="121" hits="0"/>
						<line number="122" hits="0"/>
						<line number="123" hits="0"/>
						<line number="124" hits="0"/>
						<line number="125" hits="0"/>
						<line number="126" hits="0"/>
					</lines>
				</class>
				<class name="debug_market_depth.py" filename="debug_market_depth.py" complexity="0" line-rate="0" branch-rate="0">
					<methods/>
					<lines>
						<line number="5" hits="0"/>
						<line number="6" hits="0"/>
						<line number="7" hits="0"/>
						<line number="9" hits="0"/>
						<line number="10" hits="0"/>
						<line number="11" hits="0"/>
						<line number="14" hits="0"/>
						<line number="15" hits="0"/>
						<line number="17" hits="0"/>
						<line number="19" hits="0"/>
						<line number="22" hits="0"/>
						<line number="23" hits="0"/>
						<line number="24" hits="0"/>
						<line number="27" hits="0"/>
						<line number="30" hits="0"/>
						<line number="31" hits="0"/>
						<line number="32" hits="0"/>
						<line number="34" hits="0"/>
						<line number="35" hits="0"/>
						<line number="38" hits="0"/>
						<line number="39" hits="0"/>
						<line number="40" hits="0"/>
						<line number="41" hits="0"/>
						<line number="43" hits="0"/>
						<line number="44" hits="0"/>
						<line number="45" hits="0"/>
						<line number="46" hits="0"/>
						<line number="47" hits="0"/>
						<line number="48" hits="0"/>
						<line number="50" hits="0"/>
						<line number="51" hits="0"/>
						<line number="52" hits="0"/>
						<line number="53" hits="0"/>
						<line number="54" hits="0"/>
						<line number="56" hits="0" branch="true" condition-coverage="0% (0/2)" missing-branches="57,63"/>
						<line number="57" hits="0"/>
						<line number="58" hits="0"/>
						<line number="59" hits="0"/>
						<line number="60" hits="0"/>
						<line number="63" hits="0" branch="true" condition-coverage="0% (0/2)" missing-branches="64,128"/>
						<line number="64" hits="0"/>
						<line number="65" hits="0" branch="true" condition-coverage="0% (0/2)" missing-branches="66,125"/>
						<line number="66" hits="0"/>
						<line number="67" hits="0"/>
						<line number="68" hits="0"/>
						<line number="71" hits="0"/>
						<line number="72" hits="0"/>
						<line number="74" hits="0"/>
						<line number="75" hits="0"/>
						<line number="77" hits="0" branch="true" condition-coverage="0% (0/2)" missing-branches="78,81"/>
						<line number="78" hits="0"/>
						<line number="79" hits="0"/>
						<line number="81" hits="0" branch="true" condition-coverage="0% (0/2)" missing-branches="82,86"/>
						<line number="82" hits="0"/>
						<line number="83" hits="0"/>
						<line number="86" hits="0"/>
						<line number="87" hits="0"/>
						<line number="89" hits="0" branch="true" condition-coverage="0% (0/2)" missing-branches="90,98"/>
						<line number="90" hits="0" branch="true" condition-coverage="0% (0/2)" missing-branches="91,93"/>
						<line number="91" hits="0"/>
						<line number="92" hits="0"/>
						<line number="93" hits="0"/>
						<line number="94" hits="0"/>
						<line number="95" hits="0"/>
						<line number="96" hits="0"/>
						<line number="98" hits="0" branch="true" condition-coverage="0% (0/2)" missing-branches="99,102"/>
						<line number="99" hits="0"/>
						<line number="100" hits="0"/>
						<line number="102" hits="0" branch="true" condition-coverage="0% (0/2)" missing-branches="103,107"/>
						<line number="103" hits="0"/>
						<line number="104" hits="0"/>
						<line number="107" hits="0" branch="true" condition-coverage="0% (0/2)" missing-branches="108,116"/>
						<line number="108" hits="0" branch="true" condition-coverage="0% (0/2)" missing-branches="109,111"/>
						<line number="109" hits="0"/>
						<line number="110" hits="0"/>
						<line number="111" hits="0"/>
						<line number="112" hits="0"/>
						<line number="113" hits="0"/>
						<line number="114" hits="0"/>
						<line number="116" hits="0"/>
						<line number="118" hits="0" branch="true" condition-coverage="0% (0/2)" missing-branches="119,122"/>
						<line number="119" hits="0"/>
						<line number="120" hits="0"/>
						<line number="122" hits="0"/>
						<line number="123" hits="0"/>
						<line number="125" hits="0"/>
						<line number="126" hits="0"/>
						<line number="128" hits="0"/>
						<line number="129" hits="0"/>
					</lines>
				</class>
				<class name="diagnose_market_depth.py" filename="diagnose_market_depth.py" complexity="0" line-rate="0" branch-rate="0">
					<methods/>
					<lines>
						<line number="5" hits="0"/>
						<line number="6" hits="0"/>
						<line number="7" hits="0"/>
						<line number="9" hits="0"/>
						<line number="12" hits="0"/>
						<line number="15" hits="0"/>
						<line number="16" hits="0"/>
						<line number="17" hits="0"/>
						<line number="18" hits="0"/>
						<line number="19" hits="0"/>
						<line number="20" hits="0"/>
						<line number="21" hits="0"/>
						<line number="22" hits="0"/>
						<line number="23" hits="0"/>
						<line number="26" hits="0"/>
						<line number="27" hits="0"/>
						<line number="28" hits="0"/>
						<line number="29" hits="0"/>
						<line number="30" hits="0"/>
						<line number="31" hits="0"/>
						<line number="33" hits="0" branch="true" condition-coverage="0% (0/2)" missing-branches="34,38"/>
						<line number="34" hits="0"/>
						<line number="35" hits="0"/>
						<line number="36" hits="0"/>
						<line number="38" hits="0"/>
						<line number="39" hits="0"/>
						<line number="40" hits="0"/>
						<line number="41" hits="0"/>
						<line number="42" hits="0"/>
						<line number="45" hits="0"/>
						<line number="46" hits="0"/>
						<line number="47" hits="0"/>
						<line number="48" hits="0"/>
						<line number="50" hits="0" branch="true" condition-coverage="0% (0/2)" missing-branches="51,53"/>
						<line number="51" hits="0"/>
						<line number="53" hits="0"/>
						<line number="54" hits="0"/>
						<line number="55" hits="0"/>
						<line number="56" hits="0"/>
						<line number="57" hits="0"/>
						<line number="60" hits="0"/>
						<line number="61" hits="0"/>
						<line number="63" hits="0"/>
						<line number="65" hits="0"/>
						<line number="66" hits="0"/>
						<line number="68" hits="0"/>
						<line number="71" hits="0"/>
						<line number="73" hits="0" branch="true" condition-coverage="0% (0/2)" missing-branches="74,79"/>
						<line number="74" hits="0"/>
						<line number="75" hits="0"/>
						<line number="76" hits="0" branch="true" condition-coverage="0% (0/2)" missing-branches="77,86"/>
						<line number="77" hits="0"/>
						<line number="79" hits="0"/>
						<line number="80" hits="0"/>
						<line number="81" hits="0"/>
						<line number="82" hits="0"/>
						<line number="83" hits="0"/>
						<line number="86" hits="0"/>
						<line number="89" hits="0"/>
						<line number="90" hits="0"/>
						<line number="93" hits="0"/>
						<line number="96" hits="0"/>
						<line number="97" hits="0"/>
						<line number="98" hits="0"/>
						<line number="99" hits="0"/>
						<line number="101" hits="0" branch="true" condition-coverage="0% (0/2)" missing-branches="102,104"/>
						<line number="102" hits="0"/>
						<line number="104" hits="0"/>
						<line number="105" hits="0"/>
						<line number="106" hits="0"/>
						<line number="109" hits="0"/>
						<line number="111" hits="0"/>
						<line number="112" hits="0"/>
						<line number="113" hits="0"/>
						<line number="114" hits="0"/>
						<line number="115" hits="0"/>
						<line number="116" hits="0"/>
						<line number="118" hits="0"/>
						<line number="119" hits="0"/>
						<line number="120" hits="0"/>
						<line number="121" hits="0"/>
						<line number="122" hits="0"/>
						<line number="124" hits="0"/>
						<line number="125" hits="0"/>
						<line number="126" hits="0"/>
						<line number="127" hits="0"/>
						<line number="128" hits="0"/>
						<line number="130" hits="0"/>
					</lines>
				</class>
				<class name="main.py" filename="main.py" complexity="0" line-rate="0" branch-rate="0">
					<methods/>
					<lines>
						<line number="1" hits="0"/>
						<line number="2" hits="0"/>
						<line number="3" hits="0"/>
						<line number="4" hits="0"/>
						<line number="5" hits="0"/>
						<line number="6" hits="0"/>
						<line number="7" hits="0"/>
						<line number="9" hits="0"/>
						<line number="10" hits="0"/>
						<line number="11" hits="0"/>
						<line number="12" hits="0"/>
						<line number="13" hits="0"/>
						<line number="14" hits="0"/>
						<line number="15" hits="0"/>
						<line number="18" hits="0"/>
						<line number="22" hits="0"/>
						<line number="25" hits="0"/>
						<line number="27" hits="0"/>
						<line number="28" hits="0" branch="true" condition-coverage="0% (0/2)" missing-branches="29,32"/>
						<line number="29" hits="0"/>
						<line number="32" hits="0"/>
						<line number="33" hits="0"/>
						<line number="34" hits="0" branch="true" condition-coverage="0% (0/2)" missing-branches="35,41"/>
						<line number="35" hits="0"/>
						<line number="36" hits="0"/>
						<line number="37" hits="0"/>
						<line number="38" hits="0"/>
						<line number="41" hits="0" branch="true" condition-coverage="0% (0/2)" missing-branches="42,45"/>
						<line number="42" hits="0"/>
						<line number="45" hits="0"/>
						<line number="46" hits="0"/>
						<line number="49" hits="0"/>
						<line number="52" hits="0"/>
						<line number="55" hits="0"/>
						<line number="56" hits="0"/>
						<line number="57" hits="0"/>
						<line number="60" hits="0"/>
						<line number="61" hits="0"/>
						<line number="62" hits="0"/>
						<line number="63" hits="0"/>
						<line number="66" hits="0"/>
						<line number="68" hits="0"/>
						<line number="69" hits="0"/>
						<line number="70" hits="0"/>
						<line number="71" hits="0"/>
						<line number="72" hits="0"/>
						<line number="76" hits="0"/>
						<line number="77" hits="0"/>
						<line number="79" hits="0"/>
						<line number="82" hits="0"/>
						<line number="83" hits="0"/>
						<line number="86" hits="0"/>
						<line number="89" hits="0"/>
						<line number="98" hits="0" branch="true" condition-coverage="0% (0/2)" missing-branches="99,102"/>
						<line number="99" hits="0"/>
						<line number="100" hits="0"/>
						<line number="102" hits="0"/>
						<line number="103" hits="0"/>
						<line number="106" hits="0"/>
						<line number="109" hits="0" branch="true" condition-coverage="0% (0/2)" missing-branches="110,122"/>
						<line number="110" hits="0"/>
						<line number="111" hits="0"/>
						<line number="112" hits="0"/>
						<line number="113" hits="0"/>
						<line number="116" hits="0" branch="true" condition-coverage="0% (0/2)" missing-branches="109,117"/>
						<line number="117" hits="0" branch="true" condition-coverage="0% (0/2)" missing-branches="118,120"/>
						<line number="118" hits="0"/>
						<line number="119" hits="0"/>
						<line number="120" hits="0"/>
						<line number="122" hits="0"/>
						<line number="124" hits="0"/>
						<line number="133" hits="0"/>
						<line number="134" hits="0"/>
						<line number="137" hits="0"/>
						<line number="138" hits="0"/>
						<line number="140" hits="0"/>
						<line number="142" hits="0"/>
						<line number="143" hits="0"/>
						<line number="146" hits="0"/>
						<line number="147" hits="0"/>
						<line number="148" hits="0"/>
						<line number="149" hits="0"/>
						<line number="152" hits="0"/>
						<line number="153" hits="0"/>
						<line number="156" hits="0"/>
						<line number="157" hits="0"/>
						<line number="174" hits="0"/>
						<line number="177" hits="0"/>
						<line number="178" hits="0"/>
						<line number="181" hits="0"/>
						<line number="194" hits="0"/>
						<line number="197" hits="0"/>
						<line number="200" hits="0"/>
						<line number="202" hits="0" branch="true" condition-coverage="0% (0/2)" missing-branches="203,532"/>
						<line number="203" hits="0"/>
						<line number="205" hits="0"/>
						<line number="206" hits="0"/>
						<line number="207" hits="0"/>
						<line number="208" hits="0"/>
						<line number="209" hits="0"/>
						<line number="210" hits="0" branch="true" condition-coverage="0% (0/2)" missing-branches="211,225"/>
						<line number="211" hits="0"/>
						<line number="213" hits="0" branch="true" condition-coverage="0% (0/2)" missing-branches="214,216"/>
						<line number="214" hits="0"/>
						<line number="216" hits="0"/>
						<line number="218" hits="0" branch="true" condition-coverage="0% (0/2)" missing-branches="219,222"/>
						<line number="219" hits="0"/>
						<line number="220" hits="0"/>
						<line number="222" hits="0"/>
						<line number="223" hits="0"/>
						<line number="225" hits="0"/>
						<line number="227" hits="0"/>
						<line number="228" hits="0"/>
						<line number="229" hits="0"/>
						<line number="236" hits="0"/>
						<line number="237" hits="0"/>
						<line number="238" hits="0" branch="true" condition-coverage="0% (0/2)" missing-branches="239,241"/>
						<line number="239" hits="0"/>
						<line number="241" hits="0"/>
						<line number="242" hits="0"/>
						<line number="243" hits="0"/>
						<line number="245" hits="0"/>
						<line number="246" hits="0"/>
						<line number="253" hits="0"/>
						<line number="254" hits="0"/>
						<line number="255" hits="0" branch="true" condition-coverage="0% (0/2)" missing-branches="256,258"/>
						<line number="256" hits="0"/>
						<line number="258" hits="0"/>
						<line number="260" hits="0" branch="true" condition-coverage="0% (0/2)" missing-branches="262,508"/>
						<line number="262" hits="0"/>
						<line number="263" hits="0"/>
						<line number="264" hits="0"/>
						<line number="265" hits="0"/>
						<line number="268" hits="0"/>
						<line number="269" hits="0" branch="true" condition-coverage="0% (0/2)" missing-branches="271,424"/>
						<line number="271" hits="0"/>
						<line number="274" hits="0" branch="true" condition-coverage="0% (0/2)" missing-branches="275,278"/>
						<line number="275" hits="0"/>
						<line number="278" hits="0"/>
						<line number="281" hits="0" branch="true" condition-coverage="0% (0/2)" missing-branches="282,419"/>
						<line number="282" hits="0"/>
						<line number="283" hits="0"/>
						<line number="284" hits="0"/>
						<line number="291" hits="0"/>
						<line number="292" hits="0"/>
						<line number="293" hits="0"/>
						<line number="296" hits="0"/>
						<line number="297" hits="0" branch="true" condition-coverage="0% (0/2)" missing-branches="299,353"/>
						<line number="299" hits="0" branch="true" condition-coverage="0% (0/2)" missing-branches="297,301"/>
						<line number="301" hits="0"/>
						<line number="302" hits="0" branch="true" condition-coverage="0% (0/2)" missing-branches="303,309"/>
						<line number="303" hits="0"/>
						<line number="304" hits="0" branch="true" condition-coverage="0% (0/2)" missing-branches="305,307"/>
						<line number="305" hits="0"/>
						<line number="307" hits="0"/>
						<line number="309" hits="0"/>
						<line number="310" hits="0"/>
						<line number="311" hits="0"/>
						<line number="314" hits="0"/>
						<line number="315" hits="0"/>
						<line number="316" hits="0"/>
						<line number="318" hits="0" branch="true" condition-coverage="0% (0/2)" missing-branches="319,333"/>
						<line number="319" hits="0"/>
						<line number="323" hits="0"/>
						<line number="324" hits="0"/>
						<line number="325" hits="0"/>
						<line number="333" hits="0"/>
						<line number="334" hits="0"/>
						<line number="335" hits="0"/>
						<line number="336" hits="0"/>
						<line number="337" hits="0"/>
						<line number="338" hits="0"/>
						<line number="339" hits="0"/>
						<line number="340" hits="0"/>
						<line number="342" hits="0"/>
						<line number="353" hits="0"/>
						<line number="356" hits="0"/>
						<line number="358" hits="0"/>
						<line number="359" hits="0"/>
						<line number="360" hits="0"/>
						<line number="363" hits="0"/>
						<line number="364" hits="0"/>
						<line number="365" hits="0"/>
						<line number="367" hits="0"/>
						<line number="370" hits="0"/>
						<line number="371" hits="0"/>
						<line number="374" hits="0"/>
						<line number="375" hits="0"/>
						<line number="376" hits="0"/>
						<line number="377" hits="0"/>
						<line number="378" hits="0"/>
						<line number="379" hits="0"/>
						<line number="380" hits="0"/>
						<line number="383" hits="0"/>
						<line number="387" hits="0"/>
						<line number="388" hits="0"/>
						<line number="390" hits="0"/>
						<line number="393" hits="0"/>
						<line number="394" hits="0"/>
						<line number="395" hits="0"/>
						<line number="396" hits="0"/>
						<line number="397" hits="0" branch="true" condition-coverage="0% (0/2)" missing-branches="399,408"/>
						<line number="399" hits="0" branch="true" condition-coverage="0% (0/2)" missing-branches="397,400"/>
						<line number="400" hits="0"/>
						<line number="408" hits="0"/>
						<line number="409" hits="0"/>
						<line number="410" hits="0"/>
						<line number="412" hits="0"/>
						<line number="414" hits="0"/>
						<line number="415" hits="0"/>
						<line number="417" hits="0"/>
						<line number="419" hits="0"/>
						<line number="420" hits="0"/>
						<line number="421" hits="0"/>
						<line number="424" hits="0"/>
						<line number="426" hits="0"/>
						<line number="427" hits="0"/>
						<line number="428" hits="0"/>
						<line number="430" hits="0"/>
						<line number="431" hits="0"/>
						<line number="432" hits="0"/>
						<line number="434" hits="0"/>
						<line number="437" hits="0"/>
						<line number="438" hits="0"/>
						<line number="441" hits="0" branch="true" condition-coverage="0% (0/2)" missing-branches="443,511"/>
						<line number="443" hits="0" branch="true" condition-coverage="0% (0/2)" missing-branches="444,492"/>
						<line number="444" hits="0"/>
						<line number="445" hits="0"/>
						<line number="446" hits="0"/>
						<line number="447" hits="0"/>
						<line number="449" hits="0"/>
						<line number="451" hits="0" branch="true" condition-coverage="0% (0/2)" missing-branches="452,511"/>
						<line number="452" hits="0"/>
						<line number="453" hits="0"/>
						<line number="455" hits="0"/>
						<line number="458" hits="0"/>
						<line number="459" hits="0" branch="true" condition-coverage="0% (0/2)" missing-branches="460,489"/>
						<line number="460" hits="0"/>
						<line number="463" hits="0"/>
						<line number="464" hits="0"/>
						<line number="465" hits="0"/>
						<line number="469" hits="0"/>
						<line number="472" hits="0" branch="true" condition-coverage="0% (0/2)" missing-branches="473,480"/>
						<line number="473" hits="0"/>
						<line number="474" hits="0" branch="true" condition-coverage="0% (0/2)" missing-branches="475,479"/>
						<line number="475" hits="0"/>
						<line number="477" hits="0"/>
						<line number="479" hits="0"/>
						<line number="480" hits="0" branch="true" condition-coverage="0% (0/2)" missing-branches="451,481"/>
						<line number="481" hits="0"/>
						<line number="482" hits="0" branch="true" condition-coverage="0% (0/2)" missing-branches="483,487"/>
						<line number="483" hits="0"/>
						<line number="485" hits="0"/>
						<line number="487" hits="0"/>
						<line number="489" hits="0"/>
						<line number="492" hits="0"/>
						<line number="494" hits="0" branch="true" condition-coverage="0% (0/2)" missing-branches="495,511"/>
						<line number="495" hits="0"/>
						<line number="496" hits="0"/>
						<line number="497" hits="0"/>
						<line number="501" hits="0" branch="true" condition-coverage="0% (0/2)" missing-branches="502,504"/>
						<line number="502" hits="0"/>
						<line number="503" hits="0"/>
						<line number="504" hits="0" branch="true" condition-coverage="0% (0/2)" missing-branches="505,511"/>
						<line number="505" hits="0"/>
						<line number="506" hits="0"/>
						<line number="508" hits="0"/>
						<line number="511" hits="0"/>
						<line number="512" hits="0"/>
						<line number="515" hits="0" branch="true" condition-coverage="0% (0/2)" missing-branches="202,516"/>
						<line number="516" hits="0" branch="true" condition-coverage="0% (0/2)" missing-branches="517,519"/>
						<line number="517" hits="0"/>
						<line number="518" hits="0"/>
						<line number="519" hits="0"/>
						<line number="521" hits="0"/>
						<line number="522" hits="0"/>
						<line number="523" hits="0"/>
						<line number="524" hits="0"/>
						<line number="526" hits="0" branch="true" condition-coverage="0% (0/2)" missing-branches="202,527"/>
						<line number="527" hits="0" branch="true" condition-coverage="0% (0/2)" missing-branches="528,530"/>
						<line number="528" hits="0"/>
						<line number="529" hits="0"/>
						<line number="530" hits="0"/>
						<line number="532" hits="0"/>
						<line number="536" hits="0"/>
						<line number="537" hits="0"/>
						<line number="540" hits="0"/>
						<line number="541" hits="0"/>
						<line number="545" hits="0" branch="true" condition-coverage="0% (0/2)" missing-branches="546,551"/>
						<line number="546" hits="0"/>
						<line number="547" hits="0"/>
						<line number="549" hits="0"/>
						<line number="551" hits="0"/>
						<line number="552" hits="0"/>
						<line number="553" hits="0"/>
						<line number="554" hits="0"/>
						<line number="555" hits="0"/>
						<line number="556" hits="0"/>
						<line number="557" hits="0"/>
						<line number="558" hits="0"/>
						<line number="560" hits="0"/>
						<line number="562" hits="0"/>
						<line number="563" hits="0"/>
						<line number="564" hits="0"/>
						<line number="565" hits="0"/>
						<line number="568" hits="0"/>
						<line number="577" hits="0"/>
						<line number="578" hits="0"/>
					</lines>
				</class>
				<class name="main_force_dashboard.py" filename="main_force_dashboard.py" complexity="0" line-rate="0" branch-rate="0">
					<methods/>
					<lines>
						<line number="5" hits="0"/>
						<line number="6" hits="0"/>
						<line number="7" hits="0"/>
						<line number="8" hits="0"/>
						<line number="9" hits="0"/>
						<line number="10" hits="0"/>
						<line number="11" hits="0"/>
						<line number="13" hits="0"/>
						<line number="14" hits="0"/>
						<line number="15" hits="0"/>
						<line number="16" hits="0"/>
						<line number="17" hits="0"/>
						<line number="18" hits="0"/>
						<line number="19" hits="0"/>
						<line number="21" hits="0"/>
						<line number="24" hits="0"/>
						<line number="25" hits="0"/>
						<line number="28" hits="0"/>
						<line number="29" hits="0"/>
						<line number="30" hits="0"/>
						<line number="31" hits="0"/>
						<line number="33" hits="0"/>
						<line number="35" hits="0"/>
						<line number="36" hits="0"/>
						<line number="38" hits="0"/>
						<line number="41" hits="0"/>
						<line number="42" hits="0"/>
						<line number="45" hits="0"/>
						<line number="61" hits="0"/>
						<line number="62" hits="0"/>
						<line number="65" hits="0"/>
						<line number="67" hits="0"/>
						<line number="68" hits="0"/>
						<line number="69" hits="0"/>
						<line number="70" hits="0"/>
						<line number="71" hits="0"/>
						<line number="72" hits="0"/>
						<line number="75" hits="0" branch="true" condition-coverage="0% (0/2)" missing-branches="76,89"/>
						<line number="76" hits="0"/>
						<line number="78" hits="0"/>
						<line number="79" hits="0"/>
						<line number="80" hits="0"/>
						<line number="82" hits="0"/>
						<line number="83" hits="0"/>
						<line number="85" hits="0"/>
						<line number="86" hits="0"/>
						<line number="87" hits="0"/>
						<line number="89" hits="0"/>
						<line number="91" hits="0"/>
						<line number="92" hits="0"/>
						<line number="93" hits="0"/>
						<line number="96" hits="0"/>
						<line number="97" hits="0"/>
						<line number="99" hits="0"/>
						<line number="100" hits="0"/>
						<line number="101" hits="0"/>
						<line number="102" hits="0"/>
						<line number="103" hits="0"/>
						<line number="104" hits="0"/>
						<line number="105" hits="0"/>
						<line number="108" hits="0"/>
						<line number="109" hits="0"/>
						<line number="110" hits="0"/>
						<line number="111" hits="0"/>
						<line number="112" hits="0"/>
						<line number="113" hits="0"/>
						<line number="114" hits="0"/>
						<line number="116" hits="0"/>
						<line number="117" hits="0"/>
						<line number="118" hits="0"/>
						<line number="119" hits="0"/>
						<line number="121" hits="0" branch="true" condition-coverage="0% (0/2)" missing-branches="exit,122"/>
						<line number="122" hits="0"/>
					</lines>
				</class>
				<class name="show_market_depth.py" filename="show_market_depth.py" complexity="0" line-rate="0" branch-rate="0">
					<methods/>
					<lines>
						<line number="5" hits="0"/>
						<line number="6" hits="0"/>
						<line number="7" hits="0"/>
						<line number="9" hits="0"/>
						<line number="10" hits="0"/>
						<line number="12" hits="0"/>
						<line number="15" hits="0"/>
						<line number="16" hits="0"/>
						<line number="17" hits="0"/>
						<line number="20" hits="0"/>
						<line number="21" hits="0"/>
						<line number="23" hits="0"/>
						<line number="25" hits="0"/>
						<line number="26" hits="0"/>
						<line number="27" hits="0"/>
						<line number="29" hits="0" branch="true" condition-coverage="0% (0/2)" missing-branches="30,33"/>
						<line number="30" hits="0"/>
						<line number="31" hits="0"/>
						<line number="33" hits="0"/>
						<line number="34" hits="0"/>
						<line number="36" hits="0" branch="true" condition-coverage="0% (0/2)" missing-branches="37,40"/>
						<line number="37" hits="0"/>
						<line number="38" hits="0"/>
						<line number="40" hits="0"/>
						<line number="41" hits="0"/>
						<line number="44" hits="0"/>
						<line number="45" hits="0"/>
						<line number="46" hits="0"/>
						<line number="47" hits="0"/>
						<line number="50" hits="0"/>
						<line number="51" hits="0"/>
						<line number="52" hits="0"/>
						<line number="54" hits="0" branch="true" condition-coverage="0% (0/2)" missing-branches="55,61"/>
						<line number="55" hits="0"/>
						<line number="56" hits="0"/>
						<line number="57" hits="0"/>
						<line number="58" hits="0"/>
						<line number="61" hits="0"/>
						<line number="62" hits="0"/>
						<line number="63" hits="0"/>
						<line number="64" hits="0"/>
						<line number="66" hits="0"/>
						<line number="67" hits="0"/>
						<line number="68" hits="0"/>
						<line number="71" hits="0"/>
						<line number="72" hits="0" branch="true" condition-coverage="0% (0/2)" missing-branches="73,78"/>
						<line number="73" hits="0"/>
						<line number="74" hits="0"/>
						<line number="75" hits="0"/>
						<line number="76" hits="0"/>
						<line number="78" hits="0"/>
						<line number="79" hits="0"/>
						<line number="80" hits="0"/>
						<line number="82" hits="0"/>
						<line number="83" hits="0"/>
						<line number="84" hits="0"/>
						<line number="85" hits="0"/>
						<line number="86" hits="0"/>
						<line number="87" hits="0"/>
						<line number="88" hits="0"/>
						<line number="89" hits="0"/>
						<line number="91" hits="0"/>
						<line number="92" hits="0"/>
						<line number="93" hits="0"/>
						<line number="94" hits="0"/>
					</lines>
				</class>
				<class name="simple_dashboard_test.py" filename="simple_dashboard_test.py" complexity="0" line-rate="0" branch-rate="0">
					<methods/>
					<lines>
						<line number="5" hits="0"/>
						<line number="6" hits="0"/>
						<line number="7" hits="0"/>
						<line number="9" hits="0"/>
						<line number="10" hits="0"/>
						<line number="11" hits="0"/>
						<line number="12" hits="0"/>
						<line number="13" hits="0"/>
						<line number="15" hits="0"/>
						<line number="19" hits="0"/>
						<line number="20" hits="0"/>
						<line number="21" hits="0"/>
						<line number="22" hits="0"/>
						<line number="23" hits="0"/>
						<line number="24" hits="0"/>
						<line number="27" hits="0"/>
						<line number="30" hits="0"/>
						<line number="31" hits="0"/>
						<line number="32" hits="0"/>
						<line number="33" hits="0"/>
						<line number="34" hits="0"/>
						<line number="37" hits="0"/>
						<line number="40" hits="0"/>
						<line number="41" hits="0"/>
						<line number="43" hits="0" branch="true" condition-coverage="0% (0/2)" missing-branches="44,52"/>
						<line number="44" hits="0"/>
						<line number="45" hits="0"/>
						<line number="46" hits="0"/>
						<line number="47" hits="0"/>
						<line number="48" hits="0"/>
						<line number="49" hits="0"/>
						<line number="52" hits="0"/>
						<line number="53" hits="0"/>
						<line number="54" hits="0"/>
						<line number="55" hits="0"/>
						<line number="56" hits="0"/>
						<line number="58" hits="0"/>
						<line number="59" hits="0"/>
						<line number="60" hits="0"/>
						<line number="61" hits="0"/>
						<line number="63" hits="0"/>
						<line number="66" hits="0"/>
						<line number="68" hits="0" branch="true" condition-coverage="0% (0/2)" missing-branches="69,72"/>
						<line number="69" hits="0"/>
						<line number="70" hits="0"/>
						<line number="72" hits="0" branch="true" condition-coverage="0% (0/2)" missing-branches="73,77"/>
						<line number="73" hits="0"/>
						<line number="74" hits="0"/>
						<line number="77" hits="0"/>
						<line number="78" hits="0"/>
						<line number="80" hits="0"/>
						<line number="82" hits="0"/>
						<line number="83" hits="0"/>
						<line number="86" hits="0"/>
						<line number="87" hits="0"/>
						<line number="88" hits="0"/>
						<line number="89" hits="0"/>
						<line number="90" hits="0"/>
						<line number="91" hits="0"/>
						<line number="93" hits="0"/>
						<line number="94" hits="0"/>
						<line number="95" hits="0"/>
					</lines>
				</class>
				<class name="verify_market_depth_fix.py" filename="verify_market_depth_fix.py" complexity="0" line-rate="0" branch-rate="0">
					<methods/>
					<lines>
						<line number="5" hits="0"/>
						<line number="6" hits="0"/>
						<line number="7" hits="0"/>
						<line number="9" hits="0"/>
						<line number="11" hits="0"/>
						<line number="14" hits="0"/>
						<line number="17" hits="0"/>
						<line number="18" hits="0"/>
						<line number="19" hits="0"/>
						<line number="20" hits="0"/>
						<line number="21" hits="0"/>
						<line number="23" hits="0"/>
						<line number="24" hits="0" branch="true" condition-coverage="0% (0/2)" missing-branches="25,27"/>
						<line number="25" hits="0"/>
						<line number="27" hits="0"/>
						<line number="28" hits="0"/>
						<line number="29" hits="0"/>
						<line number="30" hits="0"/>
						<line number="31" hits="0"/>
						<line number="34" hits="0"/>
						<line number="35" hits="0"/>
						<line number="36" hits="0"/>
						<line number="37" hits="0"/>
						<line number="38" hits="0"/>
						<line number="40" hits="0" branch="true" condition-coverage="0% (0/2)" missing-branches="41,43"/>
						<line number="41" hits="0"/>
						<line number="43" hits="0"/>
						<line number="44" hits="0"/>
						<line number="45" hits="0"/>
						<line number="46" hits="0"/>
						<line number="47" hits="0"/>
						<line number="50" hits="0"/>
						<line number="51" hits="0"/>
						<line number="53" hits="0"/>
						<line number="54" hits="0"/>
						<line number="56" hits="0"/>
						<line number="59" hits="0"/>
						<line number="60" hits="0"/>
						<line number="61" hits="0"/>
						<line number="62" hits="0"/>
						<line number="63" hits="0"/>
						<line number="66" hits="0"/>
						<line number="67" hits="0"/>
						<line number="68" hits="0"/>
						<line number="69" hits="0"/>
						<line number="70" hits="0"/>
						<line number="71" hits="0"/>
						<line number="73" hits="0"/>
						<line number="74" hits="0"/>
						<line number="75" hits="0"/>
						<line number="76" hits="0"/>
						<line number="77" hits="0"/>
						<line number="78" hits="0"/>
						<line number="80" hits="0"/>
					</lines>
				</class>
				<class name="visual_test.py" filename="visual_test.py" complexity="0" line-rate="0" branch-rate="0">
					<methods/>
					<lines>
						<line number="5" hits="0"/>
						<line number="6" hits="0"/>
						<line number="7" hits="0"/>
						<line number="8" hits="0"/>
						<line number="10" hits="0"/>
						<line number="11" hits="0"/>
						<line number="13" hits="0"/>
						<line number="17" hits="0"/>
						<line number="18" hits="0"/>
						<line number="19" hits="0"/>
						<line number="20" hits="0"/>
						<line number="21" hits="0"/>
						<line number="22" hits="0"/>
						<line number="24" hits="0"/>
						<line number="27" hits="0"/>
						<line number="30" hits="0"/>
						<line number="31" hits="0"/>
						<line number="33" hits="0" branch="true" condition-coverage="0% (0/2)" missing-branches="34,37"/>
						<line number="34" hits="0"/>
						<line number="35" hits="0"/>
						<line number="37" hits="0"/>
						<line number="40" hits="0"/>
						<line number="41" hits="0"/>
						<line number="42" hits="0"/>
						<line number="43" hits="0"/>
						<line number="44" hits="0"/>
						<line number="47" hits="0"/>
						<line number="48" hits="0"/>
						<line number="49" hits="0"/>
						<line number="50" hits="0"/>
						<line number="53" hits="0" branch="true" condition-coverage="0% (0/2)" missing-branches="55,103"/>
						<line number="55" hits="0" branch="true" condition-coverage="0% (0/2)" missing-branches="56,60"/>
						<line number="56" hits="0" branch="true" condition-coverage="0% (0/2)" missing-branches="55,57"/>
						<line number="57" hits="0"/>
						<line number="60" hits="0" branch="true" condition-coverage="0% (0/2)" missing-branches="61,65"/>
						<line number="61" hits="0" branch="true" condition-coverage="0% (0/2)" missing-branches="60,62"/>
						<line number="62" hits="0"/>
						<line number="65" hits="0" branch="true" condition-coverage="0% (0/2)" missing-branches="66,103"/>
						<line number="66" hits="0" branch="true" condition-coverage="0% (0/2)" missing-branches="67,71"/>
						<line number="67" hits="0" branch="true" condition-coverage="0% (0/2)" missing-branches="66,68"/>
						<line number="68" hits="0"/>
						<line number="71" hits="0"/>
						<line number="72" hits="0"/>
						<line number="74" hits="0" branch="true" condition-coverage="0% (0/2)" missing-branches="75,103"/>
						<line number="75" hits="0"/>
						<line number="78" hits="0"/>
						<line number="79" hits="0"/>
						<line number="80" hits="0"/>
						<line number="81" hits="0"/>
						<line number="83" hits="0" branch="true" condition-coverage="0% (0/2)" missing-branches="85,103"/>
						<line number="85" hits="0"/>
						<line number="86" hits="0" branch="true" condition-coverage="0% (0/2)" missing-branches="87,103"/>
						<line number="87" hits="0"/>
						<line number="90" hits="0"/>
						<line number="91" hits="0"/>
						<line number="93" hits="0" branch="true" condition-coverage="0% (0/2)" missing-branches="94,95"/>
						<line number="94" hits="0"/>
						<line number="95" hits="0" branch="true" condition-coverage="0% (0/2)" missing-branches="96,103"/>
						<line number="96" hits="0"/>
						<line number="98" hits="0"/>
						<line number="99" hits="0" branch="true" condition-coverage="0% (0/2)" missing-branches="100,103"/>
						<line number="100" hits="0"/>
						<line number="103" hits="0"/>
						<line number="104" hits="0" branch="true" condition-coverage="0% (0/2)" missing-branches="105,113"/>
						<line number="105" hits="0"/>
						<line number="106" hits="0"/>
						<line number="107" hits="0"/>
						<line number="108" hits="0"/>
						<line number="109" hits="0"/>
						<line number="110" hits="0"/>
						<line number="111" hits="0"/>
						<line number="113" hits="0"/>
						<line number="114" hits="0"/>
					</lines>
				</class>
			</classes>
		</package>
		<package name="core" line-rate="0" branch-rate="0" complexity="0">
			<classes>
				<class name="__init__.py" filename="core/__init__.py" complexity="0" line-rate="1" branch-rate="1">
					<methods/>
					<lines/>
				</class>
				<class name="bootstrap.py" filename="core/bootstrap.py" complexity="0" line-rate="0" branch-rate="0">
					<methods/>
					<lines>
						<line number="5" hits="0"/>
						<line number="6" hits="0"/>
						<line number="7" hits="0"/>
						<line number="9" hits="0"/>
						<line number="10" hits="0"/>
						<line number="11" hits="0"/>
						<line number="12" hits="0"/>
						<line number="13" hits="0"/>
						<line number="14" hits="0"/>
						<line number="15" hits="0"/>
						<line number="18" hits="0"/>
						<line number="23" hits="0"/>
						<line number="31" hits="0"/>
						<line number="32" hits="0"/>
						<line number="33" hits="0"/>
						<line number="35" hits="0"/>
						<line number="38" hits="0"/>
						<line number="41" hits="0"/>
						<line number="44" hits="0"/>
						<line number="47" hits="0"/>
						<line number="50" hits="0"/>
						<line number="53" hits="0"/>
						<line number="56" hits="0"/>
						<line number="59" hits="0"/>
						<line number="67" hits="0"/>
						<line number="69" hits="0"/>
						<line number="74" hits="0"/>
						<line number="86" hits="0"/>
						<line number="87" hits="0"/>
						<line number="93" hits="0"/>
						<line number="95" hits="0"/>
						<line number="96" hits="0"/>
						<line number="97" hits="0"/>
						<line number="104" hits="0"/>
						<line number="107" hits="0"/>
						<line number="110" hits="0"/>
						<line number="111" hits="0"/>
						<line number="112" hits="0"/>
						<line number="113" hits="0"/>
						<line number="115" hits="0"/>
						<line number="118" hits="0"/>
						<line number="122" hits="0"/>
						<line number="125" hits="0"/>
						<line number="126" hits="0"/>
						<line number="127" hits="0"/>
						<line number="129" hits="0"/>
						<line number="130" hits="0" branch="true" condition-coverage="0% (0/2)" missing-branches="131,132"/>
						<line number="131" hits="0"/>
						<line number="132" hits="0"/>
						<line number="133" hits="0"/>
						<line number="136" hits="0"/>
						<line number="137" hits="0"/>
						<line number="139" hits="0"/>
						<line number="140" hits="0"/>
						<line number="141" hits="0"/>
						<line number="144" hits="0"/>
						<line number="145" hits="0" branch="true" condition-coverage="0% (0/2)" missing-branches="147,157"/>
						<line number="147" hits="0" branch="true" condition-coverage="0% (0/2)" missing-branches="145,148"/>
						<line number="148" hits="0"/>
						<line number="157" hits="0"/>
						<line number="158" hits="0"/>
						<line number="161" hits="0" branch="true" condition-coverage="0% (0/2)" missing-branches="162,167"/>
						<line number="162" hits="0"/>
						<line number="163" hits="0"/>
						<line number="167" hits="0"/>
						<line number="169" hits="0"/>
						<line number="170" hits="0"/>
						<line number="171" hits="0"/>
						<line number="173" hits="0"/>
						<line number="176" hits="0"/>
						<line number="178" hits="0"/>
						<line number="181" hits="0"/>
						<line number="182" hits="0"/>
						<line number="185" hits="0"/>
						<line number="186" hits="0"/>
						<line number="189" hits="0"/>
						<line number="190" hits="0"/>
						<line number="193" hits="0"/>
						<line number="194" hits="0"/>
						<line number="195" hits="0"/>
						<line number="196" hits="0"/>
						<line number="198" hits="0"/>
						<line number="203" hits="0"/>
						<line number="207" hits="0"/>
						<line number="209" hits="0"/>
						<line number="211" hits="0"/>
						<line number="212" hits="0"/>
						<line number="215" hits="0"/>
						<line number="216" hits="0"/>
						<line number="217" hits="0"/>
						<line number="219" hits="0"/>
						<line number="222" hits="0"/>
						<line number="223" hits="0"/>
						<line number="230" hits="0"/>
						<line number="232" hits="0"/>
						<line number="234" hits="0"/>
						<line number="235" hits="0"/>
						<line number="236" hits="0"/>
						<line number="237" hits="0"/>
						<line number="240" hits="0"/>
						<line number="241" hits="0"/>
						<line number="242" hits="0"/>
						<line number="243" hits="0"/>
						<line number="245" hits="0"/>
						<line number="248" hits="0"/>
						<line number="249" hits="0"/>
						<line number="250" hits="0"/>
						<line number="251" hits="0"/>
						<line number="252" hits="0"/>
						<line number="254" hits="0"/>
						<line number="255" hits="0"/>
						<line number="256" hits="0"/>
						<line number="258" hits="0"/>
						<line number="261" hits="0"/>
						<line number="262" hits="0"/>
						<line number="263" hits="0"/>
						<line number="264" hits="0"/>
						<line number="265" hits="0"/>
						<line number="267" hits="0"/>
						<line number="268" hits="0"/>
						<line number="269" hits="0"/>
						<line number="272" hits="0"/>
						<line number="275" hits="0" branch="true" condition-coverage="0% (0/2)" missing-branches="276,282"/>
						<line number="276" hits="0"/>
						<line number="282" hits="0"/>
						<line number="288" hits="0"/>
						<line number="291" hits="0"/>
						<line number="292" hits="0"/>
						<line number="294" hits="0" branch="true" condition-coverage="0% (0/2)" missing-branches="295,303"/>
						<line number="295" hits="0"/>
						<line number="300" hits="0"/>
						<line number="303" hits="0"/>
						<line number="304" hits="0"/>
						<line number="305" hits="0"/>
						<line number="307" hits="0" branch="true" condition-coverage="0% (0/2)" missing-branches="308,317"/>
						<line number="308" hits="0"/>
						<line number="314" hits="0"/>
						<line number="317" hits="0"/>
						<line number="319" hits="0"/>
						<line number="321" hits="0"/>
						<line number="324" hits="0"/>
						<line number="325" hits="0"/>
						<line number="326" hits="0"/>
						<line number="327" hits="0"/>
						<line number="328" hits="0"/>
						<line number="330" hits="0"/>
						<line number="333" hits="0"/>
						<line number="334" hits="0"/>
						<line number="335" hits="0"/>
						<line number="336" hits="0"/>
						<line number="337" hits="0"/>
						<line number="340" hits="0"/>
						<line number="341" hits="0"/>
						<line number="343" hits="0"/>
						<line number="346" hits="0"/>
						<line number="347" hits="0"/>
						<line number="354" hits="0"/>
						<line number="355" hits="0" branch="true" condition-coverage="0% (0/2)" missing-branches="356,361"/>
						<line number="356" hits="0"/>
						<line number="358" hits="0"/>
						<line number="359" hits="0"/>
						<line number="361" hits="0"/>
						<line number="363" hits="0"/>
						<line number="366" hits="0"/>
						<line number="367" hits="0"/>
						<line number="369" hits="0"/>
						<line number="377" hits="0"/>
						<line number="380" hits="0"/>
						<line number="381" hits="0"/>
						<line number="385" hits="0"/>
						<line number="386" hits="0"/>
						<line number="390" hits="0"/>
						<line number="391" hits="0"/>
						<line number="394" hits="0"/>
						<line number="396" hits="0"/>
						<line number="397" hits="0"/>
						<line number="398" hits="0"/>
						<line number="399" hits="0"/>
						<line number="402" hits="0"/>
						<line number="406" hits="0"/>
						<line number="410" hits="0"/>
						<line number="419" hits="0"/>
						<line number="420" hits="0"/>
						<line number="422" hits="0"/>
						<line number="424" hits="0"/>
						<line number="427" hits="0"/>
						<line number="428" hits="0"/>
						<line number="429" hits="0"/>
						<line number="430" hits="0"/>
						<line number="433" hits="0"/>
						<line number="434" hits="0"/>
						<line number="435" hits="0"/>
						<line number="437" hits="0"/>
						<line number="444" hits="0"/>
						<line number="445" hits="0"/>
						<line number="446" hits="0"/>
						<line number="447" hits="0"/>
						<line number="449" hits="0"/>
						<line number="451" hits="0"/>
						<line number="454" hits="0"/>
						<line number="462" hits="0"/>
						<line number="465" hits="0" branch="true" condition-coverage="0% (0/2)" missing-branches="exit,467"/>
						<line number="467" hits="0"/>
						<line number="468" hits="0"/>
						<line number="469" hits="0"/>
						<line number="470" hits="0"/>
						<line number="472" hits="0"/>
						<line number="474" hits="0"/>
						<line number="477" hits="0"/>
						<line number="486" hits="0"/>
						<line number="489" hits="0"/>
						<line number="491" hits="0"/>
						<line number="494" hits="0"/>
						<line number="505" hits="0"/>
						<line number="506" hits="0"/>
						<line number="507" hits="0"/>
					</lines>
				</class>
			</classes>
		</package>
		<package name="core.data" line-rate="1" branch-rate="1" complexity="0">
			<classes>
				<class name="__init__.py" filename="core/data/__init__.py" complexity="0" line-rate="1" branch-rate="1">
					<methods/>
					<lines/>
				</class>
			</classes>
		</package>
		<package name="core.data.processors" line-rate="0.07377" branch-rate="0" complexity="0">
			<classes>
				<class name="__init__.py" filename="core/data/processors/__init__.py" complexity="0" line-rate="1" branch-rate="1">
					<methods/>
					<lines>
						<line number="5" hits="1"/>
					</lines>
				</class>
				<class name="base_processor.py" filename="core/data/processors/base_processor.py" complexity="0" line-rate="0.4" branch-rate="1">
					<methods/>
					<lines>
						<line number="6" hits="1"/>
						<line number="7" hits="1"/>
						<line number="8" hits="1"/>
						<line number="9" hits="1"/>
						<line number="10" hits="1"/>
						<line number="12" hits="1"/>
						<line number="15" hits="1"/>
						<line number="27" hits="0"/>
						<line number="28" hits="0"/>
						<line number="29" hits="0"/>
						<line number="30" hits="0"/>
						<line number="31" hits="0"/>
						<line number="32" hits="0"/>
						<line number="33" hits="0"/>
						<line number="85" hits="1"/>
						<line number="97" hits="0"/>
						<line number="100" hits="0"/>
						<line number="103" hits="0"/>
						<line number="106" hits="0"/>
						<line number="109" hits="0"/>
					</lines>
				</class>
				<class name="binance_processor.py" filename="core/data/processors/binance_processor.py" complexity="0" line-rate="0.04036" branch-rate="0">
					<methods/>
					<lines>
						<line number="6" hits="1"/>
						<line number="7" hits="1"/>
						<line number="8" hits="1"/>
						<line number="9" hits="1"/>
						<line number="10" hits="1"/>
						<line number="11" hits="1"/>
						<line number="12" hits="1"/>
						<line number="13" hits="1"/>
						<line number="14" hits="1"/>
						<line number="16" hits="0"/>
						<line number="17" hits="0"/>
						<line number="19" hits="0"/>
						<line number="25" hits="0"/>
						<line number="37" hits="0"/>
						<line number="40" hits="0"/>
						<line number="41" hits="0"/>
						<line number="42" hits="0"/>
						<line number="45" hits="0" branch="true" condition-coverage="0% (0/2)" missing-branches="46,58"/>
						<line number="46" hits="0"/>
						<line number="47" hits="0"/>
						<line number="53" hits="0"/>
						<line number="54" hits="0"/>
						<line number="55" hits="0"/>
						<line number="56" hits="0"/>
						<line number="58" hits="0"/>
						<line number="61" hits="0"/>
						<line number="62" hits="0"/>
						<line number="63" hits="0"/>
						<line number="65" hits="0"/>
						<line number="75" hits="0"/>
						<line number="78" hits="0"/>
						<line number="79" hits="0"/>
						<line number="82" hits="0"/>
						<line number="85" hits="0" branch="true" condition-coverage="0% (0/2)" missing-branches="86,157"/>
						<line number="86" hits="0"/>
						<line number="88" hits="0"/>
						<line number="89" hits="0" branch="true" condition-coverage="0% (0/2)" missing-branches="92,95"/>
						<line number="92" hits="0"/>
						<line number="93" hits="0"/>
						<line number="95" hits="0"/>
						<line number="97" hits="0" branch="true" condition-coverage="0% (0/2)" missing-branches="98,105"/>
						<line number="98" hits="0"/>
						<line number="105" hits="0"/>
						<line number="106" hits="0"/>
						<line number="109" hits="0" branch="true" condition-coverage="0% (0/2)" missing-branches="110,114"/>
						<line number="110" hits="0"/>
						<line number="111" hits="0"/>
						<line number="114" hits="0"/>
						<line number="115" hits="0"/>
						<line number="118" hits="0"/>
						<line number="121" hits="0"/>
						<line number="124" hits="0"/>
						<line number="127" hits="0"/>
						<line number="129" hits="0"/>
						<line number="130" hits="0"/>
						<line number="132" hits="0"/>
						<line number="133" hits="0"/>
						<line number="134" hits="0"/>
						<line number="135" hits="0"/>
						<line number="136" hits="0"/>
						<line number="137" hits="0"/>
						<line number="139" hits="0"/>
						<line number="140" hits="0" branch="true" condition-coverage="0% (0/2)" missing-branches="141,145"/>
						<line number="141" hits="0"/>
						<line number="142" hits="0"/>
						<line number="145" hits="0"/>
						<line number="148" hits="0"/>
						<line number="151" hits="0"/>
						<line number="154" hits="0"/>
						<line number="157" hits="0" branch="true" condition-coverage="0% (0/2)" missing-branches="158,163"/>
						<line number="158" hits="0"/>
						<line number="159" hits="0"/>
						<line number="160" hits="0"/>
						<line number="161" hits="0"/>
						<line number="163" hits="0"/>
						<line number="164" hits="0"/>
						<line number="166" hits="0"/>
						<line number="173" hits="0" branch="true" condition-coverage="0% (0/2)" missing-branches="174,177"/>
						<line number="174" hits="0"/>
						<line number="175" hits="0"/>
						<line number="177" hits="0"/>
						<line number="180" hits="0"/>
						<line number="183" hits="0"/>
						<line number="186" hits="0"/>
						<line number="188" hits="0"/>
						<line number="190" hits="0"/>
						<line number="200" hits="0" branch="true" condition-coverage="0% (0/2)" missing-branches="202,283"/>
						<line number="202" hits="0"/>
						<line number="204" hits="0"/>
						<line number="207" hits="0"/>
						<line number="208" hits="0"/>
						<line number="211" hits="0"/>
						<line number="212" hits="0" branch="true" condition-coverage="0% (0/2)" missing-branches="213,214"/>
						<line number="213" hits="0"/>
						<line number="214" hits="0" branch="true" condition-coverage="0% (0/2)" missing-branches="215,216"/>
						<line number="215" hits="0"/>
						<line number="216" hits="0" branch="true" condition-coverage="0% (0/2)" missing-branches="217,218"/>
						<line number="217" hits="0"/>
						<line number="218" hits="0" branch="true" condition-coverage="0% (0/2)" missing-branches="219,220"/>
						<line number="219" hits="0"/>
						<line number="220" hits="0" branch="true" condition-coverage="0% (0/2)" missing-branches="221,222"/>
						<line number="221" hits="0"/>
						<line number="222" hits="0" branch="true" condition-coverage="0% (0/2)" missing-branches="223,224"/>
						<line number="223" hits="0"/>
						<line number="224" hits="0" branch="true" condition-coverage="0% (0/2)" missing-branches="225,228"/>
						<line number="225" hits="0"/>
						<line number="228" hits="0"/>
						<line number="229" hits="0"/>
						<line number="230" hits="0" branch="true" condition-coverage="0% (0/2)" missing-branches="231,235"/>
						<line number="231" hits="0"/>
						<line number="232" hits="0"/>
						<line number="235" hits="0" branch="true" condition-coverage="0% (0/2)" missing-branches="236,239"/>
						<line number="236" hits="0"/>
						<line number="239" hits="0"/>
						<line number="240" hits="0"/>
						<line number="241" hits="0"/>
						<line number="243" hits="0" branch="true" condition-coverage="0% (0/2)" missing-branches="245,279"/>
						<line number="245" hits="0"/>
						<line number="248" hits="0"/>
						<line number="249" hits="0"/>
						<line number="250" hits="0"/>
						<line number="251" hits="0"/>
						<line number="252" hits="0"/>
						<line number="255" hits="0"/>
						<line number="258" hits="0"/>
						<line number="259" hits="0"/>
						<line number="260" hits="0"/>
						<line number="261" hits="0"/>
						<line number="264" hits="0"/>
						<line number="279" hits="0"/>
						<line number="280" hits="0"/>
						<line number="281" hits="0"/>
						<line number="283" hits="0"/>
						<line number="286" hits="0"/>
						<line number="289" hits="0"/>
						<line number="291" hits="0"/>
						<line number="293" hits="0"/>
						<line number="294" hits="0" branch="true" condition-coverage="0% (0/2)" missing-branches="295,375"/>
						<line number="295" hits="0" branch="true" condition-coverage="0% (0/2)" missing-branches="297,307"/>
						<line number="297" hits="0"/>
						<line number="303" hits="0"/>
						<line number="304" hits="0"/>
						<line number="305" hits="0"/>
						<line number="307" hits="0" branch="true" condition-coverage="0% (0/2)" missing-branches="309,311"/>
						<line number="309" hits="0"/>
						<line number="311" hits="0" branch="true" condition-coverage="0% (0/2)" missing-branches="313,320"/>
						<line number="313" hits="0"/>
						<line number="320" hits="0" branch="true" condition-coverage="0% (0/2)" missing-branches="322,329"/>
						<line number="322" hits="0"/>
						<line number="329" hits="0" branch="true" condition-coverage="0% (0/2)" missing-branches="331,336"/>
						<line number="331" hits="0"/>
						<line number="336" hits="0" branch="true" condition-coverage="0% (0/2)" missing-branches="338,345"/>
						<line number="338" hits="0"/>
						<line number="345" hits="0" branch="true" condition-coverage="0% (0/2)" missing-branches="347,354"/>
						<line number="347" hits="0"/>
						<line number="354" hits="0" branch="true" condition-coverage="0% (0/2)" missing-branches="356,367"/>
						<line number="356" hits="0"/>
						<line number="363" hits="0"/>
						<line number="364" hits="0"/>
						<line number="365" hits="0"/>
						<line number="367" hits="0" branch="true" condition-coverage="0% (0/2)" missing-branches="294,369"/>
						<line number="369" hits="0"/>
						<line number="370" hits="0"/>
						<line number="371" hits="0"/>
						<line number="372" hits="0"/>
						<line number="373" hits="0"/>
						<line number="374" hits="0"/>
						<line number="375" hits="0"/>
						<line number="377" hits="0"/>
						<line number="388" hits="0" branch="true" condition-coverage="0% (0/2)" missing-branches="389,392"/>
						<line number="389" hits="0"/>
						<line number="390" hits="0"/>
						<line number="392" hits="0"/>
						<line number="395" hits="0"/>
						<line number="398" hits="0"/>
						<line number="399" hits="0"/>
						<line number="402" hits="0"/>
						<line number="403" hits="0"/>
						<line number="406" hits="0" branch="true" condition-coverage="0% (0/2)" missing-branches="407,417"/>
						<line number="407" hits="0"/>
						<line number="410" hits="0"/>
						<line number="413" hits="0" branch="true" condition-coverage="0% (0/2)" missing-branches="406,414"/>
						<line number="414" hits="0" branch="true" condition-coverage="0% (0/2)" missing-branches="413,415"/>
						<line number="415" hits="0"/>
						<line number="417" hits="0"/>
						<line number="419" hits="0"/>
						<line number="431" hits="0"/>
						<line number="434" hits="0"/>
						<line number="435" hits="0" branch="true" condition-coverage="0% (0/2)" missing-branches="436,437"/>
						<line number="436" hits="0"/>
						<line number="437" hits="0" branch="true" condition-coverage="0% (0/2)" missing-branches="438,439"/>
						<line number="438" hits="0"/>
						<line number="439" hits="0" branch="true" condition-coverage="0% (0/2)" missing-branches="440,441"/>
						<line number="440" hits="0"/>
						<line number="441" hits="0" branch="true" condition-coverage="0% (0/2)" missing-branches="442,443"/>
						<line number="442" hits="0"/>
						<line number="443" hits="0" branch="true" condition-coverage="0% (0/2)" missing-branches="444,445"/>
						<line number="444" hits="0"/>
						<line number="445" hits="0" branch="true" condition-coverage="0% (0/2)" missing-branches="446,447"/>
						<line number="446" hits="0"/>
						<line number="447" hits="0" branch="true" condition-coverage="0% (0/2)" missing-branches="448,451"/>
						<line number="448" hits="0"/>
						<line number="451" hits="0"/>
						<line number="452" hits="0"/>
						<line number="455" hits="0"/>
						<line number="458" hits="0"/>
						<line number="459" hits="0" branch="true" condition-coverage="0% (0/2)" missing-branches="460,461"/>
						<line number="460" hits="0"/>
						<line number="461" hits="0" branch="true" condition-coverage="0% (0/2)" missing-branches="462,465"/>
						<line number="462" hits="0"/>
						<line number="465" hits="0"/>
						<line number="466" hits="0"/>
						<line number="467" hits="0" branch="true" condition-coverage="0% (0/2)" missing-branches="469,484"/>
						<line number="469" hits="0"/>
						<line number="472" hits="0"/>
						<line number="473" hits="0"/>
						<line number="474" hits="0"/>
						<line number="475" hits="0"/>
						<line number="476" hits="0"/>
						<line number="479" hits="0"/>
						<line number="482" hits="0"/>
						<line number="484" hits="0"/>
						<line number="485" hits="0"/>
					</lines>
				</class>
			</classes>
		</package>
		<package name="core.di" line-rate="0" branch-rate="0" complexity="0">
			<classes>
				<class name="__init__.py" filename="core/di/__init__.py" complexity="0" line-rate="0" branch-rate="1">
					<methods/>
					<lines>
						<line number="6" hits="0"/>
						<line number="7" hits="0"/>
						<line number="13" hits="0"/>
					</lines>
				</class>
				<class name="container.py" filename="core/di/container.py" complexity="0" line-rate="0" branch-rate="0">
					<methods/>
					<lines>
						<line number="5" hits="0"/>
						<line number="6" hits="0"/>
						<line number="7" hits="0"/>
						<line number="10" hits="0"/>
						<line number="13" hits="0"/>
						<line number="19" hits="0"/>
						<line number="21" hits="0"/>
						<line number="22" hits="0"/>
						<line number="24" hits="0"/>
						<line number="32" hits="0"/>
						<line number="33" hits="0"/>
						<line number="35" hits="0"/>
						<line number="43" hits="0"/>
						<line number="44" hits="0"/>
						<line number="46" hits="0"/>
						<line number="54" hits="0"/>
						<line number="55" hits="0"/>
						<line number="57" hits="0"/>
						<line number="65" hits="0"/>
						<line number="66" hits="0"/>
						<line number="68" hits="0"/>
						<line number="81" hits="0" branch="true" condition-coverage="0% (0/2)" missing-branches="82,84"/>
						<line number="82" hits="0"/>
						<line number="84" hits="0"/>
						<line number="86" hits="0"/>
						<line number="97" hits="0"/>
						<line number="98" hits="0"/>
						<line number="99" hits="0"/>
						<line number="100" hits="0"/>
						<line number="102" hits="0"/>
						<line number="112" hits="0"/>
						<line number="114" hits="0"/>
						<line number="121" hits="0" branch="true" condition-coverage="0% (0/2)" missing-branches="122,126"/>
						<line number="122" hits="0" branch="true" condition-coverage="0% (0/2)" missing-branches="exit,123"/>
						<line number="123" hits="0"/>
						<line number="124" hits="0"/>
						<line number="126" hits="0" branch="true" condition-coverage="0% (0/2)" missing-branches="exit,127"/>
						<line number="127" hits="0"/>
						<line number="128" hits="0"/>
						<line number="130" hits="0"/>
						<line number="132" hits="0"/>
						<line number="133" hits="0"/>
						<line number="135" hits="0"/>
						<line number="137" hits="0"/>
						<line number="141" hits="0"/>
						<line number="145" hits="0"/>
						<line number="155" hits="0"/>
						<line number="156" hits="0"/>
						<line number="158" hits="0" branch="true" condition-coverage="0% (0/2)" missing-branches="159,161"/>
						<line number="159" hits="0" branch="true" condition-coverage="0% (0/2)" missing-branches="158,160"/>
						<line number="160" hits="0"/>
						<line number="161" hits="0"/>
						<line number="164" hits="0"/>
						<line number="165" hits="0"/>
						<line number="166" hits="0"/>
						<line number="168" hits="0"/>
						<line number="169" hits="0"/>
						<line number="173" hits="0"/>
						<line number="179" hits="0"/>
						<line number="186" hits="0"/>
						<line number="187" hits="0"/>
						<line number="188" hits="0"/>
						<line number="190" hits="0"/>
						<line number="198" hits="0"/>
						<line number="199" hits="0"/>
						<line number="201" hits="0"/>
						<line number="204" hits="0" branch="true" condition-coverage="0% (0/2)" missing-branches="205,208"/>
						<line number="205" hits="0" branch="true" condition-coverage="0% (0/2)" missing-branches="206,207"/>
						<line number="206" hits="0"/>
						<line number="207" hits="0"/>
						<line number="208" hits="0"/>
						<line number="210" hits="0"/>
						<line number="213" hits="0" branch="true" condition-coverage="0% (0/2)" missing-branches="214,217"/>
						<line number="214" hits="0"/>
						<line number="217" hits="0" branch="true" condition-coverage="0% (0/2)" missing-branches="exit,218"/>
						<line number="218" hits="0"/>
					</lines>
				</class>
				<class name="providers.py" filename="core/di/providers.py" complexity="0" line-rate="0" branch-rate="0">
					<methods/>
					<lines>
						<line number="5" hits="0"/>
						<line number="6" hits="0"/>
						<line number="7" hits="0"/>
						<line number="10" hits="0"/>
						<line number="24" hits="0"/>
						<line number="30" hits="0"/>
						<line number="37" hits="0"/>
						<line number="38" hits="0"/>
						<line number="39" hits="0"/>
						<line number="41" hits="0"/>
						<line number="43" hits="0" branch="true" condition-coverage="0% (0/2)" missing-branches="44,47"/>
						<line number="44" hits="0"/>
						<line number="45" hits="0" branch="true" condition-coverage="0% (0/2)" missing-branches="46,47"/>
						<line number="46" hits="0"/>
						<line number="47" hits="0"/>
						<line number="49" hits="0"/>
						<line number="51" hits="0"/>
						<line number="52" hits="0"/>
						<line number="55" hits="0"/>
						<line number="61" hits="0"/>
						<line number="68" hits="0"/>
						<line number="70" hits="0"/>
						<line number="72" hits="0"/>
						<line number="74" hits="0"/>
						<line number="76" hits="0"/>
						<line number="79" hits="0"/>
						<line number="85" hits="0"/>
						<line number="92" hits="0"/>
						<line number="94" hits="0"/>
						<line number="96" hits="0"/>
						<line number="98" hits="0"/>
						<line number="100" hits="0"/>
						<line number="102" hits="0"/>
						<line number="104" hits="0"/>
						<line number="107" hits="0"/>
						<line number="113" hits="0"/>
						<line number="120" hits="0"/>
						<line number="121" hits="0"/>
						<line number="122" hits="0"/>
						<line number="123" hits="0"/>
						<line number="125" hits="0"/>
						<line number="127" hits="0" branch="true" condition-coverage="0% (0/2)" missing-branches="128,132"/>
						<line number="128" hits="0"/>
						<line number="129" hits="0" branch="true" condition-coverage="0% (0/2)" missing-branches="130,132"/>
						<line number="130" hits="0"/>
						<line number="131" hits="0"/>
						<line number="132" hits="0"/>
						<line number="134" hits="0"/>
						<line number="136" hits="0"/>
						<line number="137" hits="0"/>
						<line number="138" hits="0"/>
						<line number="141" hits="0"/>
						<line number="147" hits="0"/>
						<line number="154" hits="0"/>
						<line number="155" hits="0"/>
						<line number="157" hits="0"/>
						<line number="159" hits="0" branch="true" condition-coverage="0% (0/2)" missing-branches="160,161"/>
						<line number="160" hits="0"/>
[...]
						<line number="235" hits="1"/>
						<line number="236" hits="0"/>
						<line number="237" hits="0"/>
						<line number="239" hits="1"/>
						<line number="240" hits="0"/>
						<line number="241" hits="0"/>
						<line number="242" hits="0"/>
						<line number="247" hits="0"/>
						<line number="249" hits="1"/>
						<line number="253" hits="0"/>
						<line number="255" hits="0"/>
						<line number="256" hits="0"/>
						<line number="262" hits="0"/>
						<line number="263" hits="0"/>
						<line number="264" hits="0"/>
						<line number="265" hits="0"/>
						<line number="267" hits="1"/>
						<line number="270" hits="0"/>
						<line number="271" hits="0"/>
						<line number="273" hits="0" branch="true" condition-coverage="0% (0/2)" missing-branches="274,277"/>
						<line number="274" hits="0"/>
						<line number="277" hits="0"/>
						<line number="278" hits="0" branch="true" condition-coverage="0% (0/2)" missing-branches="279,283"/>
						<line number="279" hits="0"/>
						<line number="281" hits="0"/>
						<line number="282" hits="0"/>
						<line number="283" hits="0"/>
						<line number="285" hits="1"/>
						<line number="286" hits="0"/>
						<line number="287" hits="0" branch="true" condition-coverage="0% (0/2)" missing-branches="288,289"/>
						<line number="288" hits="0"/>
						<line number="289" hits="0"/>
						<line number="291" hits="1"/>
						<line number="292" hits="0"/>
						<line number="293" hits="0"/>
						<line number="295" hits="1"/>
						<line number="299" hits="0"/>
						<line number="300" hits="0"/>
						<line number="301" hits="0" branch="true" condition-coverage="0% (0/2)" missing-branches="302,305"/>
						<line number="302" hits="0"/>
						<line number="303" hits="0"/>
						<line number="305" hits="0" branch="true" condition-coverage="0% (0/2)" missing-branches="306,320"/>
						<line number="306" hits="0"/>
						<line number="307" hits="0" branch="true" condition-coverage="0% (0/2)" missing-branches="309,312"/>
						<line number="309" hits="0"/>
						<line number="312" hits="0"/>
						<line number="313" hits="0"/>
						<line number="314" hits="0"/>
						<line number="315" hits="0"/>
						<line number="316" hits="0"/>
						<line number="317" hits="0"/>
						<line number="318" hits="0"/>
						<line number="320" hits="0"/>
						<line number="321" hits="0"/>
						<line number="323" hits="1"/>
						<line number="327" hits="0"/>
						<line number="328" hits="0"/>
						<line number="329" hits="0" branch="true" condition-coverage="0% (0/2)" missing-branches="330,343"/>
						<line number="330" hits="0"/>
						<line number="332" hits="0"/>
						<line number="333" hits="0" branch="true" condition-coverage="0% (0/2)" missing-branches="335,341"/>
						<line number="335" hits="0" branch="true" condition-coverage="0% (0/2)" missing-branches="336,341"/>
						<line number="336" hits="0"/>
						<line number="341" hits="0"/>
						<line number="343" hits="0" branch="true" condition-coverage="0% (0/2)" missing-branches="344,380"/>
						<line number="344" hits="0"/>
						<line number="345" hits="0" branch="true" condition-coverage="0% (0/2)" missing-branches="347,350"/>
						<line number="347" hits="0"/>
						<line number="350" hits="0"/>
						<line number="351" hits="0"/>
						<line number="352" hits="0"/>
						<line number="355" hits="0"/>
						<line number="362" hits="0"/>
						<line number="363" hits="0" branch="true" condition-coverage="0% (0/2)" missing-branches="364,367"/>
						<line number="364" hits="0"/>
						<line number="367" hits="0"/>
						<line number="368" hits="0"/>
						<line number="370" hits="0"/>
						<line number="371" hits="0"/>
						<line number="372" hits="0"/>
						<line number="374" hits="0"/>
						<line number="380" hits="0"/>
						<line number="382" hits="0"/>
						<line number="388" hits="1"/>
						<line number="390" hits="0" branch="true" condition-coverage="0% (0/2)" missing-branches="391,394"/>
						<line number="391" hits="0"/>
						<line number="394" hits="0"/>
						<line number="396" hits="1"/>
						<line number="398" hits="0" branch="true" condition-coverage="0% (0/2)" missing-branches="399,402"/>
						<line number="399" hits="0"/>
						<line number="402" hits="0"/>
					</lines>
				</class>
				<class name="redis_cache.py" filename="utils/redis_cache.py" complexity="0" line-rate="0.2157" branch-rate="0">
					<methods/>
					<lines>
						<line number="6" hits="1"/>
						<line number="7" hits="1"/>
						<line number="8" hits="1"/>
						<line number="9" hits="1"/>
						<line number="10" hits="1"/>
						<line number="11" hits="1"/>
						<line number="13" hits="1"/>
						<line number="16" hits="1"/>
						<line number="19" hits="1"/>
						<line number="31" hits="0"/>
						<line number="32" hits="0"/>
						<line number="33" hits="0"/>
						<line number="34" hits="0"/>
						<line number="36" hits="0"/>
						<line number="37" hits="0"/>
						<line number="48" hits="0"/>
						<line number="49" hits="0"/>
						<line number="50" hits="0"/>
						<line number="51" hits="0"/>
						<line number="52" hits="0"/>
						<line number="54" hits="1"/>
						<line number="56" hits="0" branch="true" condition-coverage="0% (0/2)" missing-branches="57,58"/>
						<line number="57" hits="0"/>
						<line number="58" hits="0"/>
						<line number="59" hits="0"/>
						<line number="60" hits="0"/>
						<line number="61" hits="0"/>
						<line number="62" hits="0"/>
						<line number="64" hits="1"/>
						<line number="74" hits="0" branch="true" condition-coverage="0% (0/2)" missing-branches="75,77"/>
						<line number="75" hits="0"/>
						<line number="77" hits="0"/>
						<line number="78" hits="0"/>
						<line number="79" hits="0" branch="true" condition-coverage="0% (0/2)" missing-branches="81,85"/>
						<line number="81" hits="0"/>
						<line number="82" hits="0"/>
						<line number="83" hits="0"/>
						<line number="84" hits="0"/>
						<line number="85" hits="0"/>
						<line number="86" hits="0"/>
						<line number="87" hits="0"/>
						<line number="88" hits="0"/>
						<line number="90" hits="1"/>
						<line number="102" hits="0" branch="true" condition-coverage="0% (0/2)" missing-branches="103,105"/>
						<line number="103" hits="0"/>
						<line number="105" hits="0"/>
						<line number="107" hits="0" branch="true" condition-coverage="0% (0/2)" missing-branches="108,110"/>
						<line number="108" hits="0"/>
						<line number="110" hits="0"/>
						<line number="111" hits="0"/>
						<line number="112" hits="0"/>
						<line number="113" hits="0"/>
						<line number="115" hits="1"/>
						<line number="125" hits="0" branch="true" condition-coverage="0% (0/2)" missing-branches="126,128"/>
						<line number="126" hits="0"/>
						<line number="128" hits="0"/>
						<line number="129" hits="0"/>
						<line number="130" hits="0"/>
						<line number="131" hits="0"/>
						<line number="132" hits="0"/>
						<line number="134" hits="1"/>
						<line number="144" hits="0" branch="true" condition-coverage="0% (0/2)" missing-branches="145,147"/>
						<line number="145" hits="0"/>
						<line number="147" hits="0"/>
						<line number="148" hits="0"/>
						<line number="149" hits="0"/>
						<line number="150" hits="0"/>
						<line number="151" hits="0"/>
						<line number="153" hits="1"/>
						<line number="163" hits="0" branch="true" condition-coverage="0% (0/2)" missing-branches="164,166"/>
						<line number="164" hits="0"/>
						<line number="166" hits="0"/>
						<line number="167" hits="0"/>
						<line number="168" hits="0" branch="true" condition-coverage="0% (0/2)" missing-branches="169,170"/>
						<line number="169" hits="0"/>
						<line number="170" hits="0"/>
						<line number="171" hits="0"/>
						<line number="172" hits="0"/>
						<line number="173" hits="0"/>
						<line number="175" hits="1"/>
						<line number="185" hits="0" branch="true" condition-coverage="0% (0/2)" missing-branches="186,188"/>
						<line number="186" hits="0"/>
						<line number="188" hits="0"/>
						<line number="189" hits="0"/>
						<line number="190" hits="0"/>
						<line number="191" hits="0"/>
						<line number="192" hits="0"/>
						<line number="196" hits="1"/>
						<line number="199" hits="1"/>
						<line number="202" hits="0" branch="true" condition-coverage="0% (0/2)" missing-branches="203,204"/>
						<line number="203" hits="0"/>
						<line number="204" hits="0"/>
						<line number="208" hits="1"/>
						<line number="210" hits="0" branch="true" condition-coverage="0% (0/2)" missing-branches="211,212"/>
						<line number="211" hits="0"/>
						<line number="212" hits="0"/>
						<line number="215" hits="1"/>
						<line number="217" hits="0"/>
						<line number="220" hits="1"/>
						<line number="222" hits="0"/>
						<line number="225" hits="1"/>
						<line number="227" hits="0"/>
					</lines>
				</class>
				<class name="secrets_manager.py" filename="utils/secrets_manager.py" complexity="0" line-rate="0" branch-rate="0">
					<methods/>
					<lines>
						<line number="6" hits="0"/>
						<line number="7" hits="0"/>
						<line number="8" hits="0"/>
						<line number="9" hits="0"/>
						<line number="10" hits="0"/>
						<line number="11" hits="0"/>
						<line number="12" hits="0"/>
						<line number="13" hits="0"/>
						<line number="14" hits="0"/>
						<line number="15" hits="0"/>
						<line number="16" hits="0"/>
						<line number="18" hits="0"/>
						<line number="21" hits="0"/>
						<line number="24" hits="0"/>
						<line number="25" hits="0"/>
						<line number="26" hits="0"/>
						<line number="27" hits="0"/>
						<line number="28" hits="0"/>
						<line number="29" hits="0"/>
						<line number="31" hits="0"/>
						<line number="33" hits="0"/>
						<line number="36" hits="0"/>
						<line number="38" hits="0" branch="true" condition-coverage="0% (0/2)" missing-branches="39,42"/>
						<line number="39" hits="0"/>
						<line number="42" hits="0"/>
						<line number="43" hits="0"/>
						<line number="46" hits="0"/>
						<line number="52" hits="0"/>
						<line number="54" hits="0"/>
						<line number="56" hits="0" branch="true" condition-coverage="0% (0/2)" missing-branches="57,59"/>
						<line number="57" hits="0"/>
						<line number="58" hits="0"/>
						<line number="59" hits="0"/>
						<line number="61" hits="0"/>
						<line number="71" hits="0"/>
						<line number="74" hits="0" branch="true" condition-coverage="0% (0/2)" missing-branches="75,76"/>
						<line number="75" hits="0"/>
						<line number="76" hits="0"/>
						<line number="79" hits="0"/>
						<line number="82" hits="0"/>
						<line number="84" hits="0"/>
						<line number="86" hits="0"/>
						<line number="99" hits="0"/>
						<line number="102" hits="0" branch="true" condition-coverage="0% (0/2)" missing-branches="103,106"/>
						<line number="103" hits="0"/>
						<line number="106" hits="0"/>
						<line number="108" hits="0" branch="true" condition-coverage="0% (0/2)" missing-branches="109,114"/>
						<line number="109" hits="0"/>
						<line number="110" hits="0"/>
						<line number="111" hits="0"/>
						<line number="114" hits="0"/>
						<line number="115" hits="0" branch="true" condition-coverage="0% (0/2)" missing-branches="116,118"/>
						<line number="116" hits="0"/>
						<line number="118" hits="0"/>
						<line number="120" hits="0"/>
						<line number="122" hits="0"/>
						<line number="124" hits="0" branch="true" condition-coverage="0% (0/2)" missing-branches="125,138"/>
						<line number="125" hits="0"/>
						<line number="126" hits="0" branch="true" condition-coverage="0% (0/2)" missing-branches="127,129"/>
						<line number="127" hits="0"/>
						<line number="129" hits="0"/>
						<line number="132" hits="0"/>
						<line number="133" hits="0"/>
						<line number="135" hits="0"/>
						<line number="136" hits="0"/>
						<line number="138" hits="0"/>
						<line number="140" hits="0"/>
						<line number="142" hits="0"/>
						<line number="144" hits="0" branch="true" condition-coverage="0% (0/2)" missing-branches="145,147"/>
						<line number="145" hits="0"/>
						<line number="147" hits="0"/>
						<line number="149" hits="0"/>
						<line number="151" hits="0" branch="true" condition-coverage="0% (0/2)" missing-branches="152,154"/>
						<line number="152" hits="0"/>
						<line number="154" hits="0"/>
						<line number="155" hits="0"/>
						<line number="157" hits="0"/>
						<line number="158" hits="0"/>
						<line number="160" hits="0"/>
						<line number="161" hits="0"/>
						<line number="163" hits="0"/>
						<line number="164" hits="0"/>
						<line number="165" hits="0"/>
						<line number="167" hits="0"/>
						<line number="169" hits="0"/>
						<line number="170" hits="0"/>
						<line number="172" hits="0"/>
						<line number="173" hits="0"/>
						<line number="175" hits="0"/>
						<line number="176" hits="0"/>
						<line number="179" hits="0" branch="true" condition-coverage="0% (0/2)" missing-branches="exit,180"/>
						<line number="180" hits="0"/>
						<line number="182" hits="0"/>
						<line number="183" hits="0"/>
						<line number="184" hits="0"/>
						<line number="186" hits="0"/>
						<line number="188" hits="0"/>
						<line number="205" hits="0"/>
						<line number="206" hits="0" branch="true" condition-coverage="0% (0/2)" missing-branches="207,213"/>
						<line number="207" hits="0" branch="true" condition-coverage="0% (0/2)" missing-branches="206,208"/>
						<line number="208" hits="0"/>
						<line number="209" hits="0" branch="true" condition-coverage="0% (0/2)" missing-branches="207,210"/>
						<line number="210" hits="0"/>
						<line number="211" hits="0"/>
						<line number="213" hits="0"/>
						<line number="216" hits="0"/>
						<line number="219" hits="0"/>
						<line number="220" hits="0"/>
						<line number="222" hits="0"/>
						<line number="232" hits="0" branch="true" condition-coverage="0% (0/2)" missing-branches="233,235"/>
						<line number="233" hits="0"/>
						<line number="235" hits="0" branch="true" condition-coverage="0% (0/2)" missing-branches="236,238"/>
						<line number="236" hits="0"/>
						<line number="238" hits="0"/>
						<line number="239" hits="0"/>
						<line number="242" hits="0"/>
						<line number="244" hits="0"/>
						<line number="246" hits="0" branch="true" condition-coverage="0% (0/2)" missing-branches="247,249"/>
						<line number="247" hits="0"/>
						<line number="249" hits="0" branch="true" condition-coverage="0% (0/2)" missing-branches="250,252"/>
						<line number="250" hits="0"/>
						<line number="252" hits="0" branch="true" condition-coverage="0% (0/2)" missing-branches="254,262"/>
						<line number="254" hits="0"/>
						<line number="256" hits="0" branch="true" condition-coverage="0% (0/2)" missing-branches="257,260"/>
						<line number="257" hits="0"/>
						<line number="258" hits="0"/>
						<line number="260" hits="0"/>
						<line number="262" hits="0"/>
						<line number="265" hits="0"/>
						<line number="267" hits="0"/>
						<line number="268" hits="0"/>
						<line number="270" hits="0"/>
						<line number="273" hits="0"/>
						<line number="274" hits="0" branch="true" condition-coverage="0% (0/2)" missing-branches="275,282"/>
						<line number="275" hits="0"/>
						<line number="276" hits="0" branch="true" condition-coverage="0% (0/2)" missing-branches="277,279"/>
						<line number="277" hits="0"/>
						<line number="279" hits="0" branch="true" condition-coverage="0% (0/2)" missing-branches="280,282"/>
						<line number="280" hits="0"/>
						<line number="282" hits="0"/>
						<line number="285" hits="0"/>
						<line number="286" hits="0" branch="true" condition-coverage="0% (0/2)" missing-branches="287,292"/>
						<line number="287" hits="0"/>
						<line number="288" hits="0"/>
						<line number="289" hits="0"/>
						<line number="292" hits="0"/>
						<line number="293" hits="0" branch="true" condition-coverage="0% (0/2)" missing-branches="294,298"/>
						<line number="294" hits="0"/>
						<line number="295" hits="0"/>
						<line number="296" hits="0"/>
						<line number="298" hits="0"/>
						<line number="299" hits="0"/>
						<line number="300" hits="0"/>
						<line number="301" hits="0"/>
						<line number="302" hits="0"/>
					</lines>
				</class>
				<class name="system_monitor.py" filename="utils/system_monitor.py" complexity="0" line-rate="0" branch-rate="0">
					<methods/>
					<lines>
						<line number="1" hits="0"/>
						<line number="2" hits="0"/>
						<line number="3" hits="0"/>
						<line number="5" hits="0"/>
						<line number="10" hits="0"/>
						<line number="17" hits="0"/>
						<line number="18" hits="0"/>
						<line number="20" hits="0"/>
						<line number="24" hits="0"/>
						<line number="25" hits="0"/>
						<line number="26" hits="0"/>
						<line number="27" hits="0"/>
						<line number="28" hits="0"/>
						<line number="29" hits="0"/>
						<line number="30" hits="0"/>
						<line number="32" hits="0"/>
						<line number="36" hits="0"/>
						<line number="41" hits="0"/>
						<line number="45" hits="0" branch="true" condition-coverage="0% (0/2)" missing-branches="46,47"/>
						<line number="46" hits="0"/>
						<line number="47" hits="0"/>
						<line number="49" hits="0"/>
						<line number="53" hits="0"/>
					</lines>
				</class>
				<class name="trade_analyzer.py" filename="utils/trade_analyzer.py" complexity="0" line-rate="0" branch-rate="0">
					<methods/>
					<lines>
						<line number="1" hits="0"/>
						<line number="2" hits="0"/>
						<line number="4" hits="0"/>
						<line number="9" hits="0"/>
						<line number="16" hits="0"/>
						<line number="18" hits="0"/>
						<line number="22" hits="0" branch="true" condition-coverage="0% (0/2)" missing-branches="23,25"/>
						<line number="23" hits="0"/>
						<line number="25" hits="0"/>
						<line number="26" hits="0"/>
						<line number="27" hits="0"/>
						<line number="29" hits="0"/>
						<line number="33" hits="0" branch="true" condition-coverage="0% (0/2)" missing-branches="34,36"/>
						<line number="34" hits="0"/>
						<line number="36" hits="0"/>
						<line number="37" hits="0"/>
						<line number="38" hits="0"/>
						<line number="40" hits="0"/>
						<line number="44" hits="0" branch="true" condition-coverage="0% (0/2)" missing-branches="45,47"/>
						<line number="45" hits="0"/>
						<line number="47" hits="0"/>
						<line number="48" hits="0"/>
					</lines>
				</class>
				<class name="trade_history_api.py" filename="utils/trade_history_api.py" complexity="0" line-rate="0" branch-rate="0">
					<methods/>
					<lines>
						<line number="1" hits="0"/>
						<line number="2" hits="0"/>
						<line number="4" hits="0"/>
						<line number="7" hits="0"/>
						<line number="9" hits="0"/>
						<line number="10" hits="0"/>
						<line number="12" hits="0" branch="true" condition-coverage="0% (0/2)" missing-branches="13,15"/>
						<line number="13" hits="0"/>
						<line number="15" hits="0"/>
						<line number="16" hits="0"/>
						<line number="19" hits="0"/>
						<line number="25" hits="0"/>
					</lines>
				</class>
				<class name="trading_dashboard.py" filename="utils/trading_dashboard.py" complexity="0" line-rate="0" branch-rate="0">
					<methods/>
					<lines>
						<line number="2" hits="0"/>
						<line number="4" hits="0"/>
						<line number="5" hits="0"/>
						<line number="6" hits="0" branch="true" condition-coverage="0% (0/2)" missing-branches="7,9"/>
						<line number="7" hits="0"/>
						<line number="9" hits="0"/>
						<line number="10" hits="0"/>
						<line number="11" hits="0"/>
						<line number="13" hits="0"/>
						<line number="14" hits="0"/>
						<line number="16" hits="0"/>
						<line number="17" hits="0"/>
					</lines>
				</class>
			</classes>
		</package>
	</packages>
</coverage>
